{
  "/Users/maa48/coding/Custoplayer/packages/custoplayer/src/lib/atoms.ts": {
    "path": "/Users/maa48/coding/Custoplayer/packages/custoplayer/src/lib/atoms.ts",
    "statementMap": {
      "0": {
        "start": {
          "line": 2,
          "column": 23
        },
        "end": {
          "line": 2,
          "column": 31
        }
      },
      "1": {
        "start": {
          "line": 3,
          "column": 31
        },
        "end": {
          "line": 3,
          "column": 50
        }
      },
      "2": {
        "start": {
          "line": 4,
          "column": 29
        },
        "end": {
          "line": 4,
          "column": 39
        }
      },
      "3": {
        "start": {
          "line": 5,
          "column": 34
        },
        "end": {
          "line": 5,
          "column": 44
        }
      },
      "4": {
        "start": {
          "line": 6,
          "column": 37
        },
        "end": {
          "line": 11,
          "column": 1
        }
      },
      "5": {
        "start": {
          "line": 9,
          "column": 4
        },
        "end": {
          "line": 9,
          "column": 36
        }
      },
      "6": {
        "start": {
          "line": 12,
          "column": 39
        },
        "end": {
          "line": 17,
          "column": 19
        }
      },
      "7": {
        "start": {
          "line": 13,
          "column": 2
        },
        "end": {
          "line": 13,
          "column": 50
        }
      },
      "8": {
        "start": {
          "line": 14,
          "column": 2
        },
        "end": {
          "line": 14,
          "column": 52
        }
      },
      "9": {
        "start": {
          "line": 15,
          "column": 2
        },
        "end": {
          "line": 15,
          "column": 48
        }
      },
      "10": {
        "start": {
          "line": 16,
          "column": 2
        },
        "end": {
          "line": 16,
          "column": 20
        }
      },
      "11": {
        "start": {
          "line": 18,
          "column": 29
        },
        "end": {
          "line": 18,
          "column": 40
        }
      },
      "12": {
        "start": {
          "line": 19,
          "column": 29
        },
        "end": {
          "line": 19,
          "column": 36
        }
      },
      "13": {
        "start": {
          "line": 20,
          "column": 35
        },
        "end": {
          "line": 20,
          "column": 46
        }
      },
      "14": {
        "start": {
          "line": 21,
          "column": 43
        },
        "end": {
          "line": 21,
          "column": 53
        }
      },
      "15": {
        "start": {
          "line": 22,
          "column": 35
        },
        "end": {
          "line": 25,
          "column": 2
        }
      },
      "16": {
        "start": {
          "line": 26,
          "column": 26
        },
        "end": {
          "line": 28,
          "column": 2
        }
      },
      "17": {
        "start": {
          "line": 29,
          "column": 25
        },
        "end": {
          "line": 29,
          "column": 33
        }
      },
      "18": {
        "start": {
          "line": 30,
          "column": 28
        },
        "end": {
          "line": 30,
          "column": 35
        }
      },
      "19": {
        "start": {
          "line": 31,
          "column": 31
        },
        "end": {
          "line": 34,
          "column": 2
        }
      },
      "20": {
        "start": {
          "line": 32,
          "column": 19
        },
        "end": {
          "line": 32,
          "column": 36
        }
      },
      "21": {
        "start": {
          "line": 33,
          "column": 2
        },
        "end": {
          "line": 33,
          "column": 55
        }
      },
      "22": {
        "start": {
          "line": 35,
          "column": 38
        },
        "end": {
          "line": 35,
          "column": 49
        }
      },
      "23": {
        "start": {
          "line": 36,
          "column": 26
        },
        "end": {
          "line": 36,
          "column": 35
        }
      },
      "24": {
        "start": {
          "line": 37,
          "column": 29
        },
        "end": {
          "line": 40,
          "column": 2
        }
      },
      "25": {
        "start": {
          "line": 38,
          "column": 17
        },
        "end": {
          "line": 38,
          "column": 32
        }
      },
      "26": {
        "start": {
          "line": 39,
          "column": 2
        },
        "end": {
          "line": 39,
          "column": 53
        }
      },
      "27": {
        "start": {
          "line": 41,
          "column": 36
        },
        "end": {
          "line": 41,
          "column": 47
        }
      },
      "28": {
        "start": {
          "line": 42,
          "column": 38
        },
        "end": {
          "line": 42,
          "column": 48
        }
      },
      "29": {
        "start": {
          "line": 43,
          "column": 36
        },
        "end": {
          "line": 43,
          "column": 46
        }
      }
    },
    "fnMap": {
      "0": {
        "name": "(anonymous_0)",
        "decl": {
          "start": {
            "line": 8,
            "column": 2
          },
          "end": {
            "line": 8,
            "column": 3
          }
        },
        "loc": {
          "start": {
            "line": 8,
            "column": 22
          },
          "end": {
            "line": 10,
            "column": 3
          }
        },
        "line": 8
      },
      "1": {
        "name": "(anonymous_1)",
        "decl": {
          "start": {
            "line": 12,
            "column": 40
          },
          "end": {
            "line": 12,
            "column": 41
          }
        },
        "loc": {
          "start": {
            "line": 12,
            "column": 56
          },
          "end": {
            "line": 17,
            "column": 1
          }
        },
        "line": 12
      },
      "2": {
        "name": "(anonymous_2)",
        "decl": {
          "start": {
            "line": 31,
            "column": 36
          },
          "end": {
            "line": 31,
            "column": 37
          }
        },
        "loc": {
          "start": {
            "line": 31,
            "column": 45
          },
          "end": {
            "line": 34,
            "column": 1
          }
        },
        "line": 31
      },
      "3": {
        "name": "(anonymous_3)",
        "decl": {
          "start": {
            "line": 37,
            "column": 34
          },
          "end": {
            "line": 37,
            "column": 35
          }
        },
        "loc": {
          "start": {
            "line": 37,
            "column": 43
          },
          "end": {
            "line": 40,
            "column": 1
          }
        },
        "line": 37
      }
    },
    "branchMap": {
      "0": {
        "loc": {
          "start": {
            "line": 17,
            "column": 3
          },
          "end": {
            "line": 17,
            "column": 18
          }
        },
        "type": "binary-expr",
        "locations": [
          {
            "start": {
              "line": 17,
              "column": 3
            },
            "end": {
              "line": 17,
              "column": 12
            }
          },
          {
            "start": {
              "line": 17,
              "column": 16
            },
            "end": {
              "line": 17,
              "column": 18
            }
          }
        ],
        "line": 17
      }
    },
    "s": {
      "0": 23,
      "1": 23,
      "2": 23,
      "3": 23,
      "4": 23,
      "5": 0,
      "6": 23,
      "7": 23,
      "8": 23,
      "9": 23,
      "10": 23,
      "11": 23,
      "12": 23,
      "13": 23,
      "14": 23,
      "15": 23,
      "16": 23,
      "17": 23,
      "18": 23,
      "19": 23,
      "20": 3,
      "21": 3,
      "22": 23,
      "23": 23,
      "24": 23,
      "25": 11,
      "26": 11,
      "27": 23,
      "28": 23,
      "29": 23
    },
    "f": {
      "0": 0,
      "1": 23,
      "2": 3,
      "3": 11
    },
    "b": {
      "0": [
        23,
        23
      ]
    },
    "inputSourceMap": {
      "version": 3,
      "sources": [
        "/Users/maa48/coding/Custoplayer/packages/custoplayer/src/lib/atoms.ts"
      ],
      "mappings": "AACA,SAAS,YAAY;AAMd,aAAM,UAAU,OAAO;AACvB,aAAM,kBAAkB,OAAO,WAAW;AAC1C,aAAM,gBAAgB,KAA8B,IAAI;AAExD,aAAM,qBAAqB,KAA4B,IAAI;AAC3D,aAAM,wBAAwB;AAAA,EACnC;AAAA,EACA,CAAC,GAAG,KAAK,WAA2B;AAClC,QAAI,oBAAoB,MAAM;AAAA,EAChC;AACF;AAGO,WAAK,YAAL,kBAAKA,eAAL;AACL,EAAAA,sBAAA;AACA,EAAAA,sBAAA;AACA,EAAAA,sBAAA;AAHU,SAAAA;AAAA,GAAA;AAKL,aAAM,gBAAgB,KAAK,KAAK;AAChC,aAAM,gBAAgB,KAAgB,CAAC;AAGvC,aAAM,sBAAsB,KAAK,KAAK;AAGtC,aAAM,8BAA8B,KAA4B,IAAI;AACpE,aAAM,sBAAsB,KAAwC;AAAA,EACzE,QAAQ;AAAA,EACR,OAAO;AACT,CAAC;AAEM,aAAM,aAAa,KAAwB;AAAA,EAChD,KAAK;AACP,CAAC;AAGM,aAAM,YAAY,KAAsC,CAAC,CAAC;AAG1D,aAAM,eAAe,KAAK,CAAC;AAC3B,aAAM,kBAAkB,KAAK,CAAC,QAAQ;AAC3C,QAAM,WAAW,IAAI,YAAY;AACjC,SAAO,YAAY,WAAW,KAAK,QAAQ,CAAC,CAAC,IAAI;AACnD,CAAC;AACM,aAAM,yBAAyB,KAAK,KAAK;AAGzC,aAAM,aAAa,KAAK,GAAG;AAC3B,aAAM,gBAAgB,KAAK,CAAC,QAAQ;AACzC,QAAM,SAAS,IAAI,UAAU;AAC7B,SAAO,YAAY,SAAS,KAAK,QAAQ,CAAC,CAAC,IAAI;AACjD,CAAC;AAGM,aAAM,uBAAuB,KAA2B,KAAK;AAG7D,aAAM,yBAAyB,KAA4B,IAAI;AAC/D,aAAM,uBAAuB,KAA4B,IAAI;",
      "names": [
        "PlayState"
      ]
    },
    "_coverageSchema": "1a1c01bbd47fc00a2c39e90264f33305004495a9",
    "hash": "25a8defb5313d90300e9dc3accf1cf07e8ad20c2"
  },
  "/Users/maa48/coding/Custoplayer/packages/custoplayer/src/lib/components/PlayButtons.tsx": {
    "path": "/Users/maa48/coding/Custoplayer/packages/custoplayer/src/lib/components/PlayButtons.tsx",
    "statementMap": {
      "0": {
        "start": {
          "line": 4,
          "column": 0
        },
        "end": {
          "line": 14,
          "column": 1
        }
      },
      "1": {
        "start": {
          "line": 5,
          "column": 2
        },
        "end": {
          "line": 7,
          "column": 3
        }
      },
      "2": {
        "start": {
          "line": 6,
          "column": 4
        },
        "end": {
          "line": 6,
          "column": 165
        }
      },
      "3": {
        "start": {
          "line": 8,
          "column": 2
        },
        "end": {
          "line": 8,
          "column": 39
        }
      },
      "4": {
        "start": {
          "line": 9,
          "column": 2
        },
        "end": {
          "line": 9,
          "column": 39
        }
      },
      "5": {
        "start": {
          "line": 10,
          "column": 2
        },
        "end": {
          "line": 12,
          "column": 4
        }
      },
      "6": {
        "start": {
          "line": 11,
          "column": 4
        },
        "end": {
          "line": 11,
          "column": 131
        }
      },
      "7": {
        "start": {
          "line": 13,
          "column": 2
        },
        "end": {
          "line": 13,
          "column": 75
        }
      },
      "8": {
        "start": {
          "line": 15,
          "column": 19
        },
        "end": {
          "line": 15,
          "column": 108
        }
      },
      "9": {
        "start": {
          "line": 15,
          "column": 115
        },
        "end": {
          "line": 15,
          "column": 129
        }
      },
      "10": {
        "start": {
          "line": 27,
          "column": 2
        },
        "end": {
          "line": 27,
          "column": 7
        }
      },
      "11": {
        "start": {
          "line": 28,
          "column": 20
        },
        "end": {
          "line": 28,
          "column": 56
        }
      },
      "12": {
        "start": {
          "line": 29,
          "column": 20
        },
        "end": {
          "line": 29,
          "column": 56
        }
      },
      "13": {
        "start": {
          "line": 30,
          "column": 2
        },
        "end": {
          "line": 121,
          "column": 11
        }
      },
      "14": {
        "start": {
          "line": 31,
          "column": 24
        },
        "end": {
          "line": 31,
          "column": 40
        }
      },
      "15": {
        "start": {
          "line": 32,
          "column": 19
        },
        "end": {
          "line": 32,
          "column": 45
        }
      },
      "16": {
        "start": {
          "line": 33,
          "column": 20
        },
        "end": {
          "line": 33,
          "column": 38
        }
      },
      "17": {
        "start": {
          "line": 123,
          "column": 0
        },
        "end": {
          "line": 125,
          "column": 3
        }
      },
      "18": {
        "start": {
          "line": 124,
          "column": 2
        },
        "end": {
          "line": 124,
          "column": 38
        }
      },
      "19": {
        "start": {
          "line": 126,
          "column": 0
        },
        "end": {
          "line": 126,
          "column": 17
        }
      },
      "20": {
        "start": {
          "line": 127,
          "column": 28
        },
        "end": {
          "line": 138,
          "column": 1
        }
      },
      "21": {
        "start": {
          "line": 139,
          "column": 0
        },
        "end": {
          "line": 139,
          "column": 26
        }
      },
      "22": {
        "start": {
          "line": 142,
          "column": 0
        },
        "end": {
          "line": 142,
          "column": 32
        }
      },
      "23": {
        "start": {
          "line": 143,
          "column": 0
        },
        "end": {
          "line": 143,
          "column": 41
        }
      },
      "24": {
        "start": {
          "line": 144,
          "column": 0
        },
        "end": {
          "line": 154,
          "column": 1
        }
      },
      "25": {
        "start": {
          "line": 145,
          "column": 2
        },
        "end": {
          "line": 145,
          "column": 39
        }
      },
      "26": {
        "start": {
          "line": 146,
          "column": 2
        },
        "end": {
          "line": 146,
          "column": 39
        }
      },
      "27": {
        "start": {
          "line": 147,
          "column": 2
        },
        "end": {
          "line": 147,
          "column": 27
        }
      },
      "28": {
        "start": {
          "line": 148,
          "column": 2
        },
        "end": {
          "line": 153,
          "column": 3
        }
      },
      "29": {
        "start": {
          "line": 149,
          "column": 4
        },
        "end": {
          "line": 152,
          "column": 11
        }
      },
      "30": {
        "start": {
          "line": 150,
          "column": 6
        },
        "end": {
          "line": 150,
          "column": 45
        }
      },
      "31": {
        "start": {
          "line": 151,
          "column": 6
        },
        "end": {
          "line": 151,
          "column": 43
        }
      }
    },
    "fnMap": {
      "0": {
        "name": "(anonymous_0)",
        "decl": {
          "start": {
            "line": 10,
            "column": 24
          },
          "end": {
            "line": 10,
            "column": 25
          }
        },
        "loc": {
          "start": {
            "line": 10,
            "column": 38
          },
          "end": {
            "line": 12,
            "column": 3
          }
        },
        "line": 10
      },
      "1": {
        "name": "PlayButtons",
        "decl": {
          "start": {
            "line": 24,
            "column": 9
          },
          "end": {
            "line": 24,
            "column": 20
          }
        },
        "loc": {
          "start": {
            "line": 26,
            "column": 3
          },
          "end": {
            "line": 122,
            "column": 1
          }
        },
        "line": 26
      },
      "2": {
        "name": "(anonymous_2)",
        "decl": {
          "start": {
            "line": 31,
            "column": 17
          },
          "end": {
            "line": 31,
            "column": 18
          }
        },
        "loc": {
          "start": {
            "line": 31,
            "column": 24
          },
          "end": {
            "line": 31,
            "column": 40
          }
        },
        "line": 31
      },
      "3": {
        "name": "(anonymous_3)",
        "decl": {
          "start": {
            "line": 32,
            "column": 13
          },
          "end": {
            "line": 32,
            "column": 14
          }
        },
        "loc": {
          "start": {
            "line": 32,
            "column": 19
          },
          "end": {
            "line": 32,
            "column": 45
          }
        },
        "line": 32
      },
      "4": {
        "name": "(anonymous_4)",
        "decl": {
          "start": {
            "line": 33,
            "column": 13
          },
          "end": {
            "line": 33,
            "column": 14
          }
        },
        "loc": {
          "start": {
            "line": 33,
            "column": 20
          },
          "end": {
            "line": 33,
            "column": 38
          }
        },
        "line": 33
      },
      "5": {
        "name": "(anonymous_5)",
        "decl": {
          "start": {
            "line": 123,
            "column": 55
          },
          "end": {
            "line": 123,
            "column": 56
          }
        },
        "loc": {
          "start": {
            "line": 123,
            "column": 66
          },
          "end": {
            "line": 125,
            "column": 1
          }
        },
        "line": 123
      },
      "6": {
        "name": "(anonymous_6)",
        "decl": {
          "start": {
            "line": 149,
            "column": 52
          },
          "end": {
            "line": 149,
            "column": 53
          }
        },
        "loc": {
          "start": {
            "line": 149,
            "column": 58
          },
          "end": {
            "line": 152,
            "column": 5
          }
        },
        "line": 149
      }
    },
    "branchMap": {
      "0": {
        "loc": {
          "start": {
            "line": 4,
            "column": 0
          },
          "end": {
            "line": 14,
            "column": 1
          }
        },
        "type": "if",
        "locations": [
          {
            "start": {
              "line": 4,
              "column": 0
            },
            "end": {
              "line": 14,
              "column": 1
            }
          },
          {
            "start": {},
            "end": {}
          }
        ],
        "line": 4
      },
      "1": {
        "loc": {
          "start": {
            "line": 5,
            "column": 2
          },
          "end": {
            "line": 7,
            "column": 3
          }
        },
        "type": "if",
        "locations": [
          {
            "start": {
              "line": 5,
              "column": 2
            },
            "end": {
              "line": 7,
              "column": 3
            }
          },
          {
            "start": {},
            "end": {}
          }
        ],
        "line": 5
      },
      "2": {
        "loc": {
          "start": {
            "line": 44,
            "column": 15
          },
          "end": {
            "line": 80,
            "column": 21
          }
        },
        "type": "binary-expr",
        "locations": [
          {
            "start": {
              "line": 44,
              "column": 15
            },
            "end": {
              "line": 44,
              "column": 40
            }
          },
          {
            "start": {
              "line": 44,
              "column": 60
            },
            "end": {
              "line": 80,
              "column": 21
            }
          }
        ],
        "line": 44
      },
      "3": {
        "loc": {
          "start": {
            "line": 45,
            "column": 16
          },
          "end": {
            "line": 79,
            "column": 14
          }
        },
        "type": "cond-expr",
        "locations": [
          {
            "start": {
              "line": 45,
              "column": 100
            },
            "end": {
              "line": 68,
              "column": 14
            }
          },
          {
            "start": {
              "line": 68,
              "column": 33
            },
            "end": {
              "line": 79,
              "column": 14
            }
          }
        ],
        "line": 45
      },
      "4": {
        "loc": {
          "start": {
            "line": 45,
            "column": 16
          },
          "end": {
            "line": 45,
            "column": 81
          }
        },
        "type": "binary-expr",
        "locations": [
          {
            "start": {
              "line": 45,
              "column": 16
            },
            "end": {
              "line": 45,
              "column": 46
            }
          },
          {
            "start": {
              "line": 45,
              "column": 50
            },
            "end": {
              "line": 45,
              "column": 81
            }
          }
        ],
        "line": 45
      },
      "5": {
        "loc": {
          "start": {
            "line": 51,
            "column": 18
          },
          "end": {
            "line": 63,
            "column": 16
          }
        },
        "type": "cond-expr",
        "locations": [
          {
            "start": {
              "line": 51,
              "column": 68
            },
            "end": {
              "line": 57,
              "column": 16
            }
          },
          {
            "start": {
              "line": 57,
              "column": 35
            },
            "end": {
              "line": 63,
              "column": 16
            }
          }
        ],
        "line": 51
      },
      "6": {
        "loc": {
          "start": {
            "line": 80,
            "column": 23
          },
          "end": {
            "line": 116,
            "column": 21
          }
        },
        "type": "binary-expr",
        "locations": [
          {
            "start": {
              "line": 80,
              "column": 23
            },
            "end": {
              "line": 80,
              "column": 48
            }
          },
          {
            "start": {
              "line": 80,
              "column": 68
            },
            "end": {
              "line": 116,
              "column": 21
            }
          }
        ],
        "line": 80
      },
      "7": {
        "loc": {
          "start": {
            "line": 81,
            "column": 16
          },
          "end": {
            "line": 115,
            "column": 14
          }
        },
        "type": "cond-expr",
        "locations": [
          {
            "start": {
              "line": 81,
              "column": 100
            },
            "end": {
              "line": 104,
              "column": 14
            }
          },
          {
            "start": {
              "line": 104,
              "column": 33
            },
            "end": {
              "line": 115,
              "column": 14
            }
          }
        ],
        "line": 81
      },
      "8": {
        "loc": {
          "start": {
            "line": 81,
            "column": 16
          },
          "end": {
            "line": 81,
            "column": 81
          }
        },
        "type": "binary-expr",
        "locations": [
          {
            "start": {
              "line": 81,
              "column": 16
            },
            "end": {
              "line": 81,
              "column": 46
            }
          },
          {
            "start": {
              "line": 81,
              "column": 50
            },
            "end": {
              "line": 81,
              "column": 81
            }
          }
        ],
        "line": 81
      },
      "9": {
        "loc": {
          "start": {
            "line": 87,
            "column": 18
          },
          "end": {
            "line": 99,
            "column": 16
          }
        },
        "type": "cond-expr",
        "locations": [
          {
            "start": {
              "line": 87,
              "column": 68
            },
            "end": {
              "line": 93,
              "column": 16
            }
          },
          {
            "start": {
              "line": 93,
              "column": 35
            },
            "end": {
              "line": 99,
              "column": 16
            }
          }
        ],
        "line": 87
      },
      "10": {
        "loc": {
          "start": {
            "line": 144,
            "column": 0
          },
          "end": {
            "line": 154,
            "column": 1
          }
        },
        "type": "if",
        "locations": [
          {
            "start": {
              "line": 144,
              "column": 0
            },
            "end": {
              "line": 154,
              "column": 1
            }
          },
          {
            "start": {},
            "end": {}
          }
        ],
        "line": 144
      },
      "11": {
        "loc": {
          "start": {
            "line": 148,
            "column": 2
          },
          "end": {
            "line": 153,
            "column": 3
          }
        },
        "type": "if",
        "locations": [
          {
            "start": {
              "line": 148,
              "column": 2
            },
            "end": {
              "line": 153,
              "column": 3
            }
          },
          {
            "start": {},
            "end": {}
          }
        ],
        "line": 148
      }
    },
    "s": {
      "0": 23,
      "1": 23,
      "2": 0,
      "3": 23,
      "4": 23,
      "5": 23,
      "6": 46,
      "7": 23,
      "8": 23,
      "9": 23,
      "10": 36,
      "11": 36,
      "12": 36,
      "13": 36,
      "14": 0,
      "15": 2,
      "16": 0,
      "17": 23,
      "18": 6,
      "19": 23,
      "20": 23,
      "21": 23,
      "22": 23,
      "23": 23,
      "24": 23,
      "25": 23,
      "26": 23,
      "27": 23,
      "28": 23,
      "29": 23,
      "30": 23,
      "31": 23
    },
    "f": {
      "0": 46,
      "1": 36,
      "2": 0,
      "3": 2,
      "4": 0,
      "5": 6,
      "6": 23
    },
    "b": {
      "0": [
        23,
        0
      ],
      "1": [
        0,
        23
      ],
      "2": [
        36,
        24
      ],
      "3": [
        24,
        0
      ],
      "4": [
        24,
        2
      ],
      "5": [
        2,
        22
      ],
      "6": [
        36,
        12
      ],
      "7": [
        12,
        0
      ],
      "8": [
        12,
        0
      ],
      "9": [
        0,
        12
      ],
      "10": [
        23,
        0
      ],
      "11": [
        23,
        0
      ]
    },
    "inputSourceMap": {
      "version": 3,
      "mappings": ";;;;;;;;;;;;;;;AACA,SAASA,cAAc;AACvB,SAASC,oBAAoB;AAC7B,SAASC,gBAAgB;AACzB,OAAOC,YAAY;AACnB,SACEC,SACAC,WACAC,eACAC,qBACK;AACP,SAASC,YAAYC,uBAAuB;AAAkB;AAAA;AAM9D,SAASC,YAAY;AAAA,EAAEC;AAAuB,GAAG;AAAAC;AAC/C,QAAMC,YAAYZ,aAAaM,eAAeH,OAAO;AACrD,QAAMU,YAAYb,aAAaK,eAAeF,OAAO;AAUrD,SACEW,wBAACC,qBAAmB;AAAA,IAClBC,aAAcC,OAAMA,EAAEC;AAAAA,IACtBC,SAASA,MAAMX,gBAAgBI,SAAS;AAAA,IACxCQ,SAAUH,OAAMA,EAAEC,eAAc;AAAA,IAChCG,YAAY;AAAA,MAAEC,OAAO;AAAA,IAAK;AAAA,IAC1BC,UAAU;AAAA,MAAED,OAAO;AAAA,IAAK;AAAA,IACxBE,YAAY;AAAA,MAAEF,OAAO;AAAA,IAAK;AAAA,IAC1B,WAASZ,KAAKe;AAAAA,IAAGC,WAEhBhB,KAAKe,OAAO,iBACXX;AAAA,gBACGD,cAAcT,UAAUuB,UAAUd,cAAcT,UAAUwB,UACzDd;AAAA,QACEe,OAAM;AAAA,QACNC,QAAO;AAAA,QACPC,SAAQ;AAAA,QACRC,MAAK;AAAA,QACLC,OAAM;AAAA,QAA4BP,UAEjCb,cAAcT,UAAUwB,UACvBd,wBAACb,UAAQ;AAAA,oBACNM,WACC,sIAAsI;AAAA,QACvI;AAAA;AAAA2B;AAAA;AAAA,mBAGHpB,wBAACb,UAAQ;AAAA,qBACNM,WACC,mHAAmH,GAEpHA,WACC,6cAA6c,CAC9c;AAAA;AAAA;AAAA2B;AAAA;AAAA;AAAA,MAEJ;AAAA;AAAAA;AAAA;AAAA,iBAGHpB;AAAA,QACEe,OAAM;AAAA,QACNC,QAAO;AAAA,QACPC,SAAQ;AAAA,QACRC,MAAK;AAAA,QACLC,OAAM;AAAA,QAA4BP,UAEjCnB,WACC,sPACA,KAAK;AAAA,MACN;AAAA;AAAA2B;AAAA;AAAA;AAAA,IAEJ,mBAGJxB,KAAKe,OAAO,iBACXX;AAAA,gBACGD,cAAcT,UAAUuB,UAAUd,cAAcT,UAAUwB,UACzDd;AAAA,QACEe,OAAM;AAAA,QACNC,QAAO;AAAA,QACPC,SAAQ;AAAA,QACRC,MAAK;AAAA,QACLC,OAAM;AAAA,QAA4BP,UAEjCb,cAAcT,UAAUwB,UACvBd,wBAACb,UAAQ;AAAA,oBACNM,WACC,ueAAue;AAAA,QACxe;AAAA;AAAA2B;AAAA;AAAA,mBAGHpB,wBAACb,UAAQ;AAAA,qBACNM,WACC,6cAA6c,GAE9cA,WACC,mdAAmd,CACpd;AAAA;AAAA;AAAA2B;AAAA;AAAA;AAAA,MAEJ;AAAA;AAAAA;AAAA;AAAA,iBAGHpB;AAAA,QACEe,OAAM;AAAA,QACNC,QAAO;AAAA,QACPC,SAAQ;AAAA,QACRC,MAAK;AAAA,QACLC,OAAM;AAAA,QAA4BP,UAEjCnB,WACC,ygBACA,KAAK;AAAA,MACN;AAAA;AAAA2B;AAAA;AAAA;AAAA,IAEJ,iBAEJ;AAAA;AAAA;AAAAA;AAAA;AAAA;AAGP;AAACvB,GA9GQF,aAAW;AAAA,UACAT,cACAA,YAAY;AAAA;AAAAmC,KAFvB1B;AAgHT,MAAMM,sBAAsBb,OAAOH,OAAOqC,MAAM;AAAA;AAAA;AAAA;AAAA;AAAA;AAAA;AAAA;AAAA;AAAA;AAAA;AAAA;AAW9CC,MAXItB;AAYN,eAAeN;AAAY;AAAA6B;AAAAA",
      "names": [
        "motion",
        "useAtomValue",
        "Fragment",
        "styled",
        "myScope",
        "PlayState",
        "playStateAtom",
        "videoElemAtom",
        "getSvgPath",
        "handlePlayState",
        "PlayButtons",
        "item",
        "_s",
        "videoElem",
        "playState",
        "_jsxDEV",
        "PlayButtonContainer",
        "onMouseMove",
        "e",
        "preventDefault",
        "onClick",
        "onKeyUp",
        "whileHover",
        "scale",
        "whileTap",
        "whileFocus",
        "id",
        "children",
        "paused",
        "playing",
        "width",
        "height",
        "viewBox",
        "fill",
        "xmlns",
        "_jsxFileName",
        "_c",
        "button",
        "_c2",
        "$RefreshReg$"
      ],
      "sources": [
        "/Users/maa48/coding/Custoplayer/packages/custoplayer/src/lib/components/PlayButtons.tsx"
      ],
      "file": "/Users/maa48/coding/Custoplayer/packages/custoplayer/src/lib/components/PlayButtons.tsx"
    },
    "_coverageSchema": "1a1c01bbd47fc00a2c39e90264f33305004495a9",
    "hash": "edcbd543a36b77f67c7ba1b13e2710ffaaa96b3e"
  },
  "/Users/maa48/coding/Custoplayer/packages/custoplayer/src/lib/components/ProgressBars.tsx": {
    "path": "/Users/maa48/coding/Custoplayer/packages/custoplayer/src/lib/components/ProgressBars.tsx",
    "statementMap": {
      "0": {
        "start": {
          "line": 4,
          "column": 0
        },
        "end": {
          "line": 14,
          "column": 1
        }
      },
      "1": {
        "start": {
          "line": 5,
          "column": 2
        },
        "end": {
          "line": 7,
          "column": 3
        }
      },
      "2": {
        "start": {
          "line": 6,
          "column": 4
        },
        "end": {
          "line": 6,
          "column": 165
        }
      },
      "3": {
        "start": {
          "line": 8,
          "column": 2
        },
        "end": {
          "line": 8,
          "column": 39
        }
      },
      "4": {
        "start": {
          "line": 9,
          "column": 2
        },
        "end": {
          "line": 9,
          "column": 39
        }
      },
      "5": {
        "start": {
          "line": 10,
          "column": 2
        },
        "end": {
          "line": 12,
          "column": 4
        }
      },
      "6": {
        "start": {
          "line": 11,
          "column": 4
        },
        "end": {
          "line": 11,
          "column": 132
        }
      },
      "7": {
        "start": {
          "line": 13,
          "column": 2
        },
        "end": {
          "line": 13,
          "column": 75
        }
      },
      "8": {
        "start": {
          "line": 15,
          "column": 19
        },
        "end": {
          "line": 15,
          "column": 109
        }
      },
      "9": {
        "start": {
          "line": 15,
          "column": 116
        },
        "end": {
          "line": 15,
          "column": 130
        }
      },
      "10": {
        "start": {
          "line": 26,
          "column": 2
        },
        "end": {
          "line": 26,
          "column": 7
        }
      },
      "11": {
        "start": {
          "line": 27,
          "column": 25
        },
        "end": {
          "line": 27,
          "column": 37
        }
      },
      "12": {
        "start": {
          "line": 28,
          "column": 36
        },
        "end": {
          "line": 28,
          "column": 51
        }
      },
      "13": {
        "start": {
          "line": 29,
          "column": 20
        },
        "end": {
          "line": 29,
          "column": 56
        }
      },
      "14": {
        "start": {
          "line": 30,
          "column": 22
        },
        "end": {
          "line": 30,
          "column": 55
        }
      },
      "15": {
        "start": {
          "line": 31,
          "column": 25
        },
        "end": {
          "line": 31,
          "column": 66
        }
      },
      "16": {
        "start": {
          "line": 32,
          "column": 22
        },
        "end": {
          "line": 32,
          "column": 60
        }
      },
      "17": {
        "start": {
          "line": 33,
          "column": 20
        },
        "end": {
          "line": 33,
          "column": 56
        }
      },
      "18": {
        "start": {
          "line": 34,
          "column": 56
        },
        "end": {
          "line": 34,
          "column": 68
        }
      },
      "19": {
        "start": {
          "line": 35,
          "column": 54
        },
        "end": {
          "line": 35,
          "column": 94
        }
      },
      "20": {
        "start": {
          "line": 37,
          "column": 4
        },
        "end": {
          "line": 37,
          "column": 32
        }
      },
      "21": {
        "start": {
          "line": 38,
          "column": 4
        },
        "end": {
          "line": 51,
          "column": 5
        }
      },
      "22": {
        "start": {
          "line": 39,
          "column": 30
        },
        "end": {
          "line": 39,
          "column": 72
        }
      },
      "23": {
        "start": {
          "line": 40,
          "column": 30
        },
        "end": {
          "line": 40,
          "column": 76
        }
      },
      "24": {
        "start": {
          "line": 41,
          "column": 36
        },
        "end": {
          "line": 41,
          "column": 82
        }
      },
      "25": {
        "start": {
          "line": 42,
          "column": 37
        },
        "end": {
          "line": 42,
          "column": 95
        }
      },
      "26": {
        "start": {
          "line": 43,
          "column": 31
        },
        "end": {
          "line": 43,
          "column": 70
        }
      },
      "27": {
        "start": {
          "line": 44,
          "column": 41
        },
        "end": {
          "line": 44,
          "column": 114
        }
      },
      "28": {
        "start": {
          "line": 45,
          "column": 30
        },
        "end": {
          "line": 45,
          "column": 84
        }
      },
      "29": {
        "start": {
          "line": 46,
          "column": 20
        },
        "end": {
          "line": 46,
          "column": 72
        }
      },
      "30": {
        "start": {
          "line": 47,
          "column": 6
        },
        "end": {
          "line": 49,
          "column": 7
        }
      },
      "31": {
        "start": {
          "line": 48,
          "column": 8
        },
        "end": {
          "line": 48,
          "column": 60
        }
      },
      "32": {
        "start": {
          "line": 50,
          "column": 6
        },
        "end": {
          "line": 50,
          "column": 25
        }
      },
      "33": {
        "start": {
          "line": 54,
          "column": 4
        },
        "end": {
          "line": 57,
          "column": 24
        }
      },
      "34": {
        "start": {
          "line": 55,
          "column": 6
        },
        "end": {
          "line": 55,
          "column": 25
        }
      },
      "35": {
        "start": {
          "line": 56,
          "column": 9
        },
        "end": {
          "line": 57,
          "column": 24
        }
      },
      "36": {
        "start": {
          "line": 57,
          "column": 6
        },
        "end": {
          "line": 57,
          "column": 24
        }
      },
      "37": {
        "start": {
          "line": 59,
          "column": 2
        },
        "end": {
          "line": 66,
          "column": 27
        }
      },
      "38": {
        "start": {
          "line": 60,
          "column": 4
        },
        "end": {
          "line": 65,
          "column": 5
        }
      },
      "39": {
        "start": {
          "line": 61,
          "column": 6
        },
        "end": {
          "line": 61,
          "column": 40
        }
      },
      "40": {
        "start": {
          "line": 62,
          "column": 6
        },
        "end": {
          "line": 62,
          "column": 25
        }
      },
      "41": {
        "start": {
          "line": 64,
          "column": 6
        },
        "end": {
          "line": 64,
          "column": 30
        }
      },
      "42": {
        "start": {
          "line": 67,
          "column": 2
        },
        "end": {
          "line": 98,
          "column": 11
        }
      },
      "43": {
        "start": {
          "line": 70,
          "column": 24
        },
        "end": {
          "line": 70,
          "column": 42
        }
      },
      "44": {
        "start": {
          "line": 71,
          "column": 24
        },
        "end": {
          "line": 71,
          "column": 43
        }
      },
      "45": {
        "start": {
          "line": 72,
          "column": 24
        },
        "end": {
          "line": 72,
          "column": 104
        }
      },
      "46": {
        "start": {
          "line": 100,
          "column": 0
        },
        "end": {
          "line": 102,
          "column": 3
        }
      },
      "47": {
        "start": {
          "line": 101,
          "column": 2
        },
        "end": {
          "line": 101,
          "column": 87
        }
      },
      "48": {
        "start": {
          "line": 103,
          "column": 0
        },
        "end": {
          "line": 103,
          "column": 18
        }
      },
      "49": {
        "start": {
          "line": 104,
          "column": 29
        },
        "end": {
          "line": 110,
          "column": 1
        }
      },
      "50": {
        "start": {
          "line": 109,
          "column": 23
        },
        "end": {
          "line": 109,
          "column": 66
        }
      },
      "51": {
        "start": {
          "line": 111,
          "column": 0
        },
        "end": {
          "line": 111,
          "column": 27
        }
      },
      "52": {
        "start": {
          "line": 112,
          "column": 21
        },
        "end": {
          "line": 119,
          "column": 1
        }
      },
      "53": {
        "start": {
          "line": 120,
          "column": 0
        },
        "end": {
          "line": 120,
          "column": 19
        }
      },
      "54": {
        "start": {
          "line": 121,
          "column": 17
        },
        "end": {
          "line": 124,
          "column": 1
        }
      },
      "55": {
        "start": {
          "line": 123,
          "column": 33
        },
        "end": {
          "line": 123,
          "column": 86
        }
      },
      "56": {
        "start": {
          "line": 125,
          "column": 0
        },
        "end": {
          "line": 125,
          "column": 15
        }
      },
      "57": {
        "start": {
          "line": 128,
          "column": 0
        },
        "end": {
          "line": 128,
          "column": 33
        }
      },
      "58": {
        "start": {
          "line": 129,
          "column": 0
        },
        "end": {
          "line": 129,
          "column": 42
        }
      },
      "59": {
        "start": {
          "line": 130,
          "column": 0
        },
        "end": {
          "line": 130,
          "column": 34
        }
      },
      "60": {
        "start": {
          "line": 131,
          "column": 0
        },
        "end": {
          "line": 131,
          "column": 30
        }
      },
      "61": {
        "start": {
          "line": 132,
          "column": 0
        },
        "end": {
          "line": 142,
          "column": 1
        }
      },
      "62": {
        "start": {
          "line": 133,
          "column": 2
        },
        "end": {
          "line": 133,
          "column": 39
        }
      },
      "63": {
        "start": {
          "line": 134,
          "column": 2
        },
        "end": {
          "line": 134,
          "column": 39
        }
      },
      "64": {
        "start": {
          "line": 135,
          "column": 2
        },
        "end": {
          "line": 135,
          "column": 27
        }
      },
      "65": {
        "start": {
          "line": 136,
          "column": 2
        },
        "end": {
          "line": 141,
          "column": 3
        }
      },
      "66": {
        "start": {
          "line": 137,
          "column": 4
        },
        "end": {
          "line": 140,
          "column": 11
        }
      },
      "67": {
        "start": {
          "line": 138,
          "column": 6
        },
        "end": {
          "line": 138,
          "column": 45
        }
      },
      "68": {
        "start": {
          "line": 139,
          "column": 6
        },
        "end": {
          "line": 139,
          "column": 43
        }
      }
    },
    "fnMap": {
      "0": {
        "name": "(anonymous_0)",
        "decl": {
          "start": {
            "line": 10,
            "column": 24
          },
          "end": {
            "line": 10,
            "column": 25
          }
        },
        "loc": {
          "start": {
            "line": 10,
            "column": 38
          },
          "end": {
            "line": 12,
            "column": 3
          }
        },
        "line": 10
      },
      "1": {
        "name": "ProgressBars",
        "decl": {
          "start": {
            "line": 23,
            "column": 9
          },
          "end": {
            "line": 23,
            "column": 21
          }
        },
        "loc": {
          "start": {
            "line": 25,
            "column": 3
          },
          "end": {
            "line": 99,
            "column": 1
          }
        },
        "line": 25
      },
      "2": {
        "name": "handleProgressMouseMove",
        "decl": {
          "start": {
            "line": 36,
            "column": 11
          },
          "end": {
            "line": 36,
            "column": 34
          }
        },
        "loc": {
          "start": {
            "line": 36,
            "column": 65
          },
          "end": {
            "line": 52,
            "column": 3
          }
        },
        "line": 36
      },
      "3": {
        "name": "handleProgressMouseUp",
        "decl": {
          "start": {
            "line": 53,
            "column": 11
          },
          "end": {
            "line": 53,
            "column": 32
          }
        },
        "loc": {
          "start": {
            "line": 53,
            "column": 35
          },
          "end": {
            "line": 58,
            "column": 3
          }
        },
        "line": 53
      },
      "4": {
        "name": "(anonymous_4)",
        "decl": {
          "start": {
            "line": 59,
            "column": 12
          },
          "end": {
            "line": 59,
            "column": 13
          }
        },
        "loc": {
          "start": {
            "line": 59,
            "column": 18
          },
          "end": {
            "line": 66,
            "column": 3
          }
        },
        "line": 59
      },
      "5": {
        "name": "(anonymous_5)",
        "decl": {
          "start": {
            "line": 70,
            "column": 18
          },
          "end": {
            "line": 70,
            "column": 19
          }
        },
        "loc": {
          "start": {
            "line": 70,
            "column": 24
          },
          "end": {
            "line": 70,
            "column": 42
          }
        },
        "line": 70
      },
      "6": {
        "name": "(anonymous_6)",
        "decl": {
          "start": {
            "line": 71,
            "column": 18
          },
          "end": {
            "line": 71,
            "column": 19
          }
        },
        "loc": {
          "start": {
            "line": 71,
            "column": 24
          },
          "end": {
            "line": 71,
            "column": 43
          }
        },
        "line": 71
      },
      "7": {
        "name": "(anonymous_7)",
        "decl": {
          "start": {
            "line": 72,
            "column": 17
          },
          "end": {
            "line": 72,
            "column": 18
          }
        },
        "loc": {
          "start": {
            "line": 72,
            "column": 24
          },
          "end": {
            "line": 72,
            "column": 104
          }
        },
        "line": 72
      },
      "8": {
        "name": "(anonymous_8)",
        "decl": {
          "start": {
            "line": 100,
            "column": 56
          },
          "end": {
            "line": 100,
            "column": 57
          }
        },
        "loc": {
          "start": {
            "line": 100,
            "column": 67
          },
          "end": {
            "line": 102,
            "column": 1
          }
        },
        "line": 100
      },
      "9": {
        "name": "(anonymous_9)",
        "decl": {
          "start": {
            "line": 109,
            "column": 12
          },
          "end": {
            "line": 109,
            "column": 13
          }
        },
        "loc": {
          "start": {
            "line": 109,
            "column": 23
          },
          "end": {
            "line": 109,
            "column": 66
          }
        },
        "line": 109
      },
      "10": {
        "name": "(anonymous_10)",
        "decl": {
          "start": {
            "line": 123,
            "column": 22
          },
          "end": {
            "line": 123,
            "column": 23
          }
        },
        "loc": {
          "start": {
            "line": 123,
            "column": 33
          },
          "end": {
            "line": 123,
            "column": 86
          }
        },
        "line": 123
      },
      "11": {
        "name": "(anonymous_11)",
        "decl": {
          "start": {
            "line": 137,
            "column": 52
          },
          "end": {
            "line": 137,
            "column": 53
          }
        },
        "loc": {
          "start": {
            "line": 137,
            "column": 58
          },
          "end": {
            "line": 140,
            "column": 5
          }
        },
        "line": 137
      }
    },
    "branchMap": {
      "0": {
        "loc": {
          "start": {
            "line": 4,
            "column": 0
          },
          "end": {
            "line": 14,
            "column": 1
          }
        },
        "type": "if",
        "locations": [
          {
            "start": {
              "line": 4,
              "column": 0
            },
            "end": {
              "line": 14,
              "column": 1
            }
          },
          {
            "start": {},
            "end": {}
          }
        ],
        "line": 4
      },
      "1": {
        "loc": {
          "start": {
            "line": 5,
            "column": 2
          },
          "end": {
            "line": 7,
            "column": 3
          }
        },
        "type": "if",
        "locations": [
          {
            "start": {
              "line": 5,
              "column": 2
            },
            "end": {
              "line": 7,
              "column": 3
            }
          },
          {
            "start": {},
            "end": {}
          }
        ],
        "line": 5
      },
      "2": {
        "loc": {
          "start": {
            "line": 38,
            "column": 4
          },
          "end": {
            "line": 51,
            "column": 5
          }
        },
        "type": "if",
        "locations": [
          {
            "start": {
              "line": 38,
              "column": 4
            },
            "end": {
              "line": 51,
              "column": 5
            }
          },
          {
            "start": {},
            "end": {}
          }
        ],
        "line": 38
      },
      "3": {
        "loc": {
          "start": {
            "line": 38,
            "column": 8
          },
          "end": {
            "line": 38,
            "column": 48
          }
        },
        "type": "binary-expr",
        "locations": [
          {
            "start": {
              "line": 38,
              "column": 8
            },
            "end": {
              "line": 38,
              "column": 22
            }
          },
          {
            "start": {
              "line": 38,
              "column": 26
            },
            "end": {
              "line": 38,
              "column": 48
            }
          }
        ],
        "line": 38
      },
      "4": {
        "loc": {
          "start": {
            "line": 47,
            "column": 6
          },
          "end": {
            "line": 49,
            "column": 7
          }
        },
        "type": "if",
        "locations": [
          {
            "start": {
              "line": 47,
              "column": 6
            },
            "end": {
              "line": 49,
              "column": 7
            }
          },
          {
            "start": {},
            "end": {}
          }
        ],
        "line": 47
      },
      "5": {
        "loc": {
          "start": {
            "line": 54,
            "column": 4
          },
          "end": {
            "line": 57,
            "column": 24
          }
        },
        "type": "if",
        "locations": [
          {
            "start": {
              "line": 54,
              "column": 4
            },
            "end": {
              "line": 57,
              "column": 24
            }
          },
          {
            "start": {
              "line": 56,
              "column": 9
            },
            "end": {
              "line": 57,
              "column": 24
            }
          }
        ],
        "line": 54
      },
      "6": {
        "loc": {
          "start": {
            "line": 54,
            "column": 8
          },
          "end": {
            "line": 54,
            "column": 91
          }
        },
        "type": "binary-expr",
        "locations": [
          {
            "start": {
              "line": 54,
              "column": 8
            },
            "end": {
              "line": 54,
              "column": 48
            }
          },
          {
            "start": {
              "line": 54,
              "column": 52
            },
            "end": {
              "line": 54,
              "column": 91
            }
          }
        ],
        "line": 54
      },
      "7": {
        "loc": {
          "start": {
            "line": 56,
            "column": 9
          },
          "end": {
            "line": 57,
            "column": 24
          }
        },
        "type": "if",
        "locations": [
          {
            "start": {
              "line": 56,
              "column": 9
            },
            "end": {
              "line": 57,
              "column": 24
            }
          },
          {
            "start": {},
            "end": {}
          }
        ],
        "line": 56
      },
      "8": {
        "loc": {
          "start": {
            "line": 60,
            "column": 4
          },
          "end": {
            "line": 65,
            "column": 5
          }
        },
        "type": "if",
        "locations": [
          {
            "start": {
              "line": 60,
              "column": 4
            },
            "end": {
              "line": 65,
              "column": 5
            }
          },
          {
            "start": {
              "line": 63,
              "column": 11
            },
            "end": {
              "line": 65,
              "column": 5
            }
          }
        ],
        "line": 60
      },
      "9": {
        "loc": {
          "start": {
            "line": 73,
            "column": 14
          },
          "end": {
            "line": 93,
            "column": 12
          }
        },
        "type": "binary-expr",
        "locations": [
          {
            "start": {
              "line": 73,
              "column": 14
            },
            "end": {
              "line": 73,
              "column": 40
            }
          },
          {
            "start": {
              "line": 73,
              "column": 60
            },
            "end": {
              "line": 93,
              "column": 12
            }
          }
        ],
        "line": 73
      },
      "10": {
        "loc": {
          "start": {
            "line": 77,
            "column": 16
          },
          "end": {
            "line": 77,
            "column": 70
          }
        },
        "type": "cond-expr",
        "locations": [
          {
            "start": {
              "line": 77,
              "column": 50
            },
            "end": {
              "line": 77,
              "column": 58
            }
          },
          {
            "start": {
              "line": 77,
              "column": 61
            },
            "end": {
              "line": 77,
              "column": 70
            }
          }
        ],
        "line": 77
      },
      "11": {
        "loc": {
          "start": {
            "line": 77,
            "column": 16
          },
          "end": {
            "line": 77,
            "column": 47
          }
        },
        "type": "binary-expr",
        "locations": [
          {
            "start": {
              "line": 77,
              "column": 16
            },
            "end": {
              "line": 77,
              "column": 25
            }
          },
          {
            "start": {
              "line": 77,
              "column": 29
            },
            "end": {
              "line": 77,
              "column": 47
            }
          }
        ],
        "line": 77
      },
      "12": {
        "loc": {
          "start": {
            "line": 109,
            "column": 23
          },
          "end": {
            "line": 109,
            "column": 66
          }
        },
        "type": "cond-expr",
        "locations": [
          {
            "start": {
              "line": 109,
              "column": 42
            },
            "end": {
              "line": 109,
              "column": 54
            }
          },
          {
            "start": {
              "line": 109,
              "column": 57
            },
            "end": {
              "line": 109,
              "column": 66
            }
          }
        ],
        "line": 109
      },
      "13": {
        "loc": {
          "start": {
            "line": 123,
            "column": 33
          },
          "end": {
            "line": 123,
            "column": 86
          }
        },
        "type": "cond-expr",
        "locations": [
          {
            "start": {
              "line": 123,
              "column": 55
            },
            "end": {
              "line": 123,
              "column": 74
            }
          },
          {
            "start": {
              "line": 123,
              "column": 77
            },
            "end": {
              "line": 123,
              "column": 86
            }
          }
        ],
        "line": 123
      },
      "14": {
        "loc": {
          "start": {
            "line": 132,
            "column": 0
          },
          "end": {
            "line": 142,
            "column": 1
          }
        },
        "type": "if",
        "locations": [
          {
            "start": {
              "line": 132,
              "column": 0
            },
            "end": {
              "line": 142,
              "column": 1
            }
          },
          {
            "start": {},
            "end": {}
          }
        ],
        "line": 132
      },
      "15": {
        "loc": {
          "start": {
            "line": 136,
            "column": 2
          },
          "end": {
            "line": 141,
            "column": 3
          }
        },
        "type": "if",
        "locations": [
          {
            "start": {
              "line": 136,
              "column": 2
            },
            "end": {
              "line": 141,
              "column": 3
            }
          },
          {
            "start": {},
            "end": {}
          }
        ],
        "line": 136
      }
    },
    "s": {
      "0": 23,
      "1": 23,
      "2": 0,
      "3": 23,
      "4": 23,
      "5": 23,
      "6": 92,
      "7": 23,
      "8": 23,
      "9": 23,
      "10": 14,
      "11": 14,
      "12": 14,
      "13": 14,
      "14": 14,
      "15": 14,
      "16": 14,
      "17": 14,
      "18": 14,
      "19": 14,
      "20": 0,
      "21": 0,
      "22": 0,
      "23": 0,
      "24": 0,
      "25": 0,
      "26": 0,
      "27": 0,
      "28": 0,
      "29": 0,
      "30": 0,
      "31": 0,
      "32": 0,
      "33": 7,
      "34": 0,
      "35": 7,
      "36": 0,
      "37": 14,
      "38": 7,
      "39": 0,
      "40": 0,
      "41": 7,
      "42": 14,
      "43": 0,
      "44": 0,
      "45": 0,
      "46": 23,
      "47": 3,
      "48": 23,
      "49": 23,
      "50": 7,
      "51": 23,
      "52": 23,
      "53": 23,
      "54": 23,
      "55": 7,
      "56": 23,
      "57": 23,
      "58": 23,
      "59": 23,
      "60": 23,
      "61": 23,
      "62": 23,
      "63": 23,
      "64": 23,
      "65": 23,
      "66": 0,
      "67": 0,
      "68": 0
    },
    "f": {
      "0": 92,
      "1": 14,
      "2": 0,
      "3": 7,
      "4": 7,
      "5": 0,
      "6": 0,
      "7": 0,
      "8": 3,
      "9": 7,
      "10": 7,
      "11": 0
    },
    "b": {
      "0": [
        23,
        0
      ],
      "1": [
        0,
        23
      ],
      "2": [
        0,
        0
      ],
      "3": [
        0,
        0
      ],
      "4": [
        0,
        0
      ],
      "5": [
        0,
        7
      ],
      "6": [
        7,
        7
      ],
      "7": [
        0,
        7
      ],
      "8": [
        0,
        7
      ],
      "9": [
        14,
        14
      ],
      "10": [
        0,
        14
      ],
      "11": [
        14,
        14
      ],
      "12": [
        0,
        7
      ],
      "13": [
        2,
        5
      ],
      "14": [
        23,
        0
      ],
      "15": [
        0,
        23
      ]
    },
    "inputSourceMap": {
      "version": 3,
      "mappings": ";;;;;;;;;;;;;;;AACA,SAASA,cAAc;AACvB,SAASC,SAASC,cAAcC,kBAAkB;AAClD,SAASC,WAAWC,QAAQC,gBAAgB;AAC5C,OAAOC,YAAY;AACnB,SACEC,wBACAC,SACAC,WACAC,eACAC,cACAC,iBACAC,oBACAC,qBACK;AACP,SAAwBC,eAAeC,aAAa;AAAkB;AAMtE,SAASC,aAAa;AAAA,EAAEC;AAAwB,GAAG;AAAAC;AACjD,QAAMC,iBAAiBhB,OAA8B,IAAI;AACzD,QAAM,CAACiB,WAAWC,YAAY,IAAIjB,SAAS,KAAK;AAChD,QAAMkB,YAAYtB,aAAaa,eAAeN,OAAO;AACrD,QAAMgB,cAActB,WAAWS,cAAcH,OAAO;AACpD,QAAMiB,iBAAiBxB,aAAaY,oBAAoBL,OAAO;AAC/D,QAAMkB,cAAczB,aAAaW,iBAAiBJ,OAAO;AACzD,QAAMmB,YAAY1B,aAAaS,eAAeF,OAAO;AAErD,QAAM,CAACoB,qBAAqBC,sBAAsB,IAAIxB,SAAS,EAAE;AACjE,QAAM,CAACyB,oBAAoBC,qBAAqB,IAAI/B,QAClDO,wBACAC,OAAO;AAGT,WAASwB,wBACPC,UACAC,oBACA;AACAH,0BAAsB,IAAI;AAC1B,QAAIX,kBAAkBA,eAAee,SAAS;AAC5C,YAAMC,kBAAkBH,SAASI,UAAUH,mBAAmBI;AAC9D,YAAMC,kBAAkBnB,eAAee,QAAQK,sBAAqB;AACpE,YAAMC,wBACJF,gBAAgBD,OAAOJ,mBAAmBI;AAC5C,YAAMI,yBAAyBC,KAAKC,IAClCL,gBAAgBM,QAAQX,mBAAmBW,KAAK;AAGlD,YAAMC,mBAAmBV,kBAAkBK;AAC3C,YAAMM,6BACJb,mBAAmBc,QACnBP,wBACAC;AACF,YAAMO,kBAAkBjC,MACtB8B,kBACA,GACAC,0BAA0B;AAE5B,YAAMG,QAAQD,kBAAkB7B,eAAee,QAAQgB;AACvD,UAAI5B,WAAW;AACbA,kBAAU6B,cAAc7B,WAAW8B,WAAWH;AAAAA,MAChD;AACA1B,kBAAY0B,KAAK;AAAA,IACnB;AAAA,EACF;AAEA,WAASI,wBAAwB;AAC/B,QACE1B,wBAAwBnB,UAAU8C,UAClC3B,wBAAwBnB,UAAU+C;AAElCjC,iBAAWkC,MAAK;AAAA,aACT7B,wBAAwBnB,UAAUiD;AAASnC,iBAAWoC,KAAI;AAAA,EACrE;AAEAxD,YAAU,MAAM;AACd,QAAI2B,oBAAoB;AACtBD,6BAAuBF,SAAS;AAChCJ,iBAAWkC,MAAK;AAAA,IAClB,OAAO;AACLH,4BAAqB;AAAA,IACvB;AAAA,EACF,GAAG,CAACxB,kBAAkB,CAAC;AAEvB,SACE8B,wBAACC,sBAAoB;AAAA,IACnB,WAAS3C,KAAK4C;AAAAA,IACdC,YAAYjC;AAAAA,IACZkC,cAAcA,MAAM1C,aAAa,IAAI;AAAA,IACrC2C,cAAcA,MAAM3C,aAAa,KAAK;AAAA,IACtC4C,aAAcC,OACZpD,cACEoD,GACAnC,yBACAP,gBACAM,qBAAqB;AAAA,IAExBqC,UAEAlD,KAAK4C,OAAO,kBACXF,wBAACS,cAAY;AAAA,MACXC,KAAKlD;AAAAA,MACLmD,MAAK;AAAA,MACLC,SAAS;AAAA,QACPC,QAAQpD,aAAaS,qBAAqB,WAAW;AAAA,MACvD;AAAA,MAAEsC,UAEFR,wBAACc,UAAQ;AAAA,QACPC,OAAO;AAAA,UAAE3B,OAAOtB;AAAAA,QAAY;AAAA,QAC5BkD,eAAe1D,KAAK0D;AAAAA,MAAc;AAAA;AAAAC;AAAA;AAAA;AAAA,IAClC;AAAA;AAAAA;AAAA;AAAA;AAAA,EAEL;AAAA;AAAAA;AAAA;AAAA;AAGP;AAAC1D,GAhGQF,cAAY;AAAA,UAGDhB,cACEC,YACGD,cACHA,cACFA,cAGkCD,OAAO;AAAA;AAAA8E,KAVpD7D;AAkGT,MAAM4C,uBAAuBvD,OAAOyE;AAAAA;AAAAA;AAAAA;AAAAA;AAAAA,YAKvBC,WAAWA,MAAMjB,aAAa,eAAe;AAAA;AACxDkB,MANIpB;AAQN,MAAMQ,eAAe/D,OAAOP,OAAOgF,GAAG;AAAA;AAAA;AAAA;AAAA;AAAA;AAAA;AAAA;AAOpCG,MAPIb;AASN,MAAMK,WAAWpE,OAAOyE;AAAAA;AAAAA,sBAEDC,WACnBA,MAAMJ,gBAAgBI,MAAMJ,gBAAgB;AAAA;AAC9CO,MAJIT;AAMN,eAAezD;AAAa;AAAAmE;AAAAA;AAAAA;AAAAA",
      "names": [
        "motion",
        "useAtom",
        "useAtomValue",
        "useSetAtom",
        "useEffect",
        "useRef",
        "useState",
        "styled",
        "isProgressDraggingAtom",
        "myScope",
        "PlayState",
        "playStateAtom",
        "progressAtom",
        "progressStrAtom",
        "videoContainerAtom",
        "videoElemAtom",
        "barMouseEvent",
        "clamp",
        "ProgressBars",
        "item",
        "_s",
        "progressBarRef",
        "isHovered",
        "setIsHovered",
        "videoElem",
        "setProgress",
        "videoContainer",
        "progressStr",
        "playState",
        "tempVideoPauseState",
        "setTempVideoPauseState",
        "isProgressDragging",
        "setIsProgressDragging",
        "handleProgressMouseMove",
        "mousePos",
        "videoContainerRect",
        "current",
        "updatedMousePos",
        "clientX",
        "left",
        "progressBarRect",
        "getBoundingClientRect",
        "distLeftOfProgressBar",
        "distRightOfProgressBar",
        "Math",
        "abs",
        "right",
        "adjustedMousePos",
        "largestProgressBarMousePos",
        "width",
        "clampedMousePos",
        "ratio",
        "clientWidth",
        "currentTime",
        "duration",
        "handleProgressMouseUp",
        "paused",
        "ended",
        "pause",
        "playing",
        "play",
        "_jsxDEV",
        "ProgressBarContainer",
        "id",
        "isDragging",
        "onMouseEnter",
        "onMouseLeave",
        "onMouseDown",
        "e",
        "children",
        "ProgressBar1",
        "ref",
        "role",
        "animate",
        "height",
        "Progress",
        "style",
        "progressColor",
        "_jsxFileName",
        "_c",
        "div",
        "props",
        "_c2",
        "_c3",
        "_c4",
        "$RefreshReg$"
      ],
      "sources": [
        "/Users/maa48/coding/Custoplayer/packages/custoplayer/src/lib/components/ProgressBars.tsx"
      ],
      "file": "/Users/maa48/coding/Custoplayer/packages/custoplayer/src/lib/components/ProgressBars.tsx"
    },
    "_coverageSchema": "1a1c01bbd47fc00a2c39e90264f33305004495a9",
    "hash": "5c9e21560abf5eeccd52bcf8fb63471ddfbc1197"
  },
  "/Users/maa48/coding/Custoplayer/packages/custoplayer/src/lib/components/VolumeBars.tsx": {
    "path": "/Users/maa48/coding/Custoplayer/packages/custoplayer/src/lib/components/VolumeBars.tsx",
    "statementMap": {
      "0": {
        "start": {
          "line": 4,
          "column": 0
        },
        "end": {
          "line": 14,
          "column": 1
        }
      },
      "1": {
        "start": {
          "line": 5,
          "column": 2
        },
        "end": {
          "line": 7,
          "column": 3
        }
      },
      "2": {
        "start": {
          "line": 6,
          "column": 4
        },
        "end": {
          "line": 6,
          "column": 165
        }
      },
      "3": {
        "start": {
          "line": 8,
          "column": 2
        },
        "end": {
          "line": 8,
          "column": 39
        }
      },
      "4": {
        "start": {
          "line": 9,
          "column": 2
        },
        "end": {
          "line": 9,
          "column": 39
        }
      },
      "5": {
        "start": {
          "line": 10,
          "column": 2
        },
        "end": {
          "line": 12,
          "column": 4
        }
      },
      "6": {
        "start": {
          "line": 11,
          "column": 4
        },
        "end": {
          "line": 11,
          "column": 130
        }
      },
      "7": {
        "start": {
          "line": 13,
          "column": 2
        },
        "end": {
          "line": 13,
          "column": 75
        }
      },
      "8": {
        "start": {
          "line": 15,
          "column": 19
        },
        "end": {
          "line": 15,
          "column": 107
        }
      },
      "9": {
        "start": {
          "line": 15,
          "column": 114
        },
        "end": {
          "line": 15,
          "column": 128
        }
      },
      "10": {
        "start": {
          "line": 23,
          "column": 19
        },
        "end": {
          "line": 81,
          "column": 2
        }
      },
      "11": {
        "start": {
          "line": 24,
          "column": 2
        },
        "end": {
          "line": 24,
          "column": 7
        }
      },
      "12": {
        "start": {
          "line": 25,
          "column": 20
        },
        "end": {
          "line": 25,
          "column": 56
        }
      },
      "13": {
        "start": {
          "line": 26,
          "column": 2
        },
        "end": {
          "line": 76,
          "column": 65
        }
      },
      "14": {
        "start": {
          "line": 27,
          "column": 4
        },
        "end": {
          "line": 48,
          "column": 15
        }
      },
      "15": {
        "start": {
          "line": 49,
          "column": 9
        },
        "end": {
          "line": 76,
          "column": 65
        }
      },
      "16": {
        "start": {
          "line": 50,
          "column": 4
        },
        "end": {
          "line": 74,
          "column": 15
        }
      },
      "17": {
        "start": {
          "line": 76,
          "column": 4
        },
        "end": {
          "line": 76,
          "column": 65
        }
      },
      "18": {
        "start": {
          "line": 78,
          "column": 2
        },
        "end": {
          "line": 78,
          "column": 24
        }
      },
      "19": {
        "start": {
          "line": 80,
          "column": 2
        },
        "end": {
          "line": 80,
          "column": 24
        }
      },
      "20": {
        "start": {
          "line": 82,
          "column": 0
        },
        "end": {
          "line": 82,
          "column": 17
        }
      },
      "21": {
        "start": {
          "line": 83,
          "column": 0
        },
        "end": {
          "line": 83,
          "column": 38
        }
      },
      "22": {
        "start": {
          "line": 85,
          "column": 19
        },
        "end": {
          "line": 93,
          "column": 1
        }
      },
      "23": {
        "start": {
          "line": 87,
          "column": 33
        },
        "end": {
          "line": 87,
          "column": 74
        }
      },
      "24": {
        "start": {
          "line": 94,
          "column": 0
        },
        "end": {
          "line": 94,
          "column": 17
        }
      },
      "25": {
        "start": {
          "line": 95,
          "column": 24
        },
        "end": {
          "line": 105,
          "column": 1
        }
      },
      "26": {
        "start": {
          "line": 106,
          "column": 0
        },
        "end": {
          "line": 106,
          "column": 22
        }
      },
      "27": {
        "start": {
          "line": 107,
          "column": 19
        },
        "end": {
          "line": 115,
          "column": 1
        }
      },
      "28": {
        "start": {
          "line": 114,
          "column": 33
        },
        "end": {
          "line": 114,
          "column": 74
        }
      },
      "29": {
        "start": {
          "line": 116,
          "column": 0
        },
        "end": {
          "line": 116,
          "column": 17
        }
      },
      "30": {
        "start": {
          "line": 117,
          "column": 17
        },
        "end": {
          "line": 120,
          "column": 1
        }
      },
      "31": {
        "start": {
          "line": 119,
          "column": 33
        },
        "end": {
          "line": 119,
          "column": 82
        }
      },
      "32": {
        "start": {
          "line": 121,
          "column": 0
        },
        "end": {
          "line": 121,
          "column": 15
        }
      },
      "33": {
        "start": {
          "line": 123,
          "column": 0
        },
        "end": {
          "line": 123,
          "column": 42
        }
      },
      "34": {
        "start": {
          "line": 124,
          "column": 0
        },
        "end": {
          "line": 124,
          "column": 32
        }
      },
      "35": {
        "start": {
          "line": 125,
          "column": 0
        },
        "end": {
          "line": 125,
          "column": 32
        }
      },
      "36": {
        "start": {
          "line": 126,
          "column": 0
        },
        "end": {
          "line": 126,
          "column": 37
        }
      },
      "37": {
        "start": {
          "line": 127,
          "column": 0
        },
        "end": {
          "line": 127,
          "column": 32
        }
      },
      "38": {
        "start": {
          "line": 128,
          "column": 0
        },
        "end": {
          "line": 128,
          "column": 30
        }
      },
      "39": {
        "start": {
          "line": 129,
          "column": 0
        },
        "end": {
          "line": 139,
          "column": 1
        }
      },
      "40": {
        "start": {
          "line": 130,
          "column": 2
        },
        "end": {
          "line": 130,
          "column": 39
        }
      },
      "41": {
        "start": {
          "line": 131,
          "column": 2
        },
        "end": {
          "line": 131,
          "column": 39
        }
      },
      "42": {
        "start": {
          "line": 132,
          "column": 2
        },
        "end": {
          "line": 132,
          "column": 27
        }
      },
      "43": {
        "start": {
          "line": 133,
          "column": 2
        },
        "end": {
          "line": 138,
          "column": 3
        }
      },
      "44": {
        "start": {
          "line": 134,
          "column": 4
        },
        "end": {
          "line": 137,
          "column": 11
        }
      },
      "45": {
        "start": {
          "line": 135,
          "column": 6
        },
        "end": {
          "line": 135,
          "column": 45
        }
      },
      "46": {
        "start": {
          "line": 136,
          "column": 6
        },
        "end": {
          "line": 136,
          "column": 43
        }
      }
    },
    "fnMap": {
      "0": {
        "name": "(anonymous_0)",
        "decl": {
          "start": {
            "line": 10,
            "column": 24
          },
          "end": {
            "line": 10,
            "column": 25
          }
        },
        "loc": {
          "start": {
            "line": 10,
            "column": 38
          },
          "end": {
            "line": 12,
            "column": 3
          }
        },
        "line": 10
      },
      "1": {
        "name": "(anonymous_1)",
        "decl": {
          "start": {
            "line": 23,
            "column": 41
          },
          "end": {
            "line": 23,
            "column": 42
          }
        },
        "loc": {
          "start": {
            "line": 23,
            "column": 57
          },
          "end": {
            "line": 77,
            "column": 1
          }
        },
        "line": 23
      },
      "2": {
        "name": "(anonymous_2)",
        "decl": {
          "start": {
            "line": 77,
            "column": 42
          },
          "end": {
            "line": 77,
            "column": 43
          }
        },
        "loc": {
          "start": {
            "line": 77,
            "column": 53
          },
          "end": {
            "line": 79,
            "column": 1
          }
        },
        "line": 77
      },
      "3": {
        "name": "(anonymous_3)",
        "decl": {
          "start": {
            "line": 79,
            "column": 44
          },
          "end": {
            "line": 79,
            "column": 45
          }
        },
        "loc": {
          "start": {
            "line": 79,
            "column": 55
          },
          "end": {
            "line": 81,
            "column": 1
          }
        },
        "line": 79
      },
      "4": {
        "name": "(anonymous_4)",
        "decl": {
          "start": {
            "line": 87,
            "column": 22
          },
          "end": {
            "line": 87,
            "column": 23
          }
        },
        "loc": {
          "start": {
            "line": 87,
            "column": 33
          },
          "end": {
            "line": 87,
            "column": 74
          }
        },
        "line": 87
      },
      "5": {
        "name": "(anonymous_5)",
        "decl": {
          "start": {
            "line": 114,
            "column": 22
          },
          "end": {
            "line": 114,
            "column": 23
          }
        },
        "loc": {
          "start": {
            "line": 114,
            "column": 33
          },
          "end": {
            "line": 114,
            "column": 74
          }
        },
        "line": 114
      },
      "6": {
        "name": "(anonymous_6)",
        "decl": {
          "start": {
            "line": 119,
            "column": 22
          },
          "end": {
            "line": 119,
            "column": 23
          }
        },
        "loc": {
          "start": {
            "line": 119,
            "column": 33
          },
          "end": {
            "line": 119,
            "column": 82
          }
        },
        "line": 119
      },
      "7": {
        "name": "(anonymous_7)",
        "decl": {
          "start": {
            "line": 134,
            "column": 52
          },
          "end": {
            "line": 134,
            "column": 53
          }
        },
        "loc": {
          "start": {
            "line": 134,
            "column": 58
          },
          "end": {
            "line": 137,
            "column": 5
          }
        },
        "line": 134
      }
    },
    "branchMap": {
      "0": {
        "loc": {
          "start": {
            "line": 4,
            "column": 0
          },
          "end": {
            "line": 14,
            "column": 1
          }
        },
        "type": "if",
        "locations": [
          {
            "start": {
              "line": 4,
              "column": 0
            },
            "end": {
              "line": 14,
              "column": 1
            }
          },
          {
            "start": {},
            "end": {}
          }
        ],
        "line": 4
      },
      "1": {
        "loc": {
          "start": {
            "line": 5,
            "column": 2
          },
          "end": {
            "line": 7,
            "column": 3
          }
        },
        "type": "if",
        "locations": [
          {
            "start": {
              "line": 5,
              "column": 2
            },
            "end": {
              "line": 7,
              "column": 3
            }
          },
          {
            "start": {},
            "end": {}
          }
        ],
        "line": 5
      },
      "2": {
        "loc": {
          "start": {
            "line": 26,
            "column": 2
          },
          "end": {
            "line": 76,
            "column": 65
          }
        },
        "type": "if",
        "locations": [
          {
            "start": {
              "line": 26,
              "column": 2
            },
            "end": {
              "line": 76,
              "column": 65
            }
          },
          {
            "start": {
              "line": 49,
              "column": 9
            },
            "end": {
              "line": 76,
              "column": 65
            }
          }
        ],
        "line": 26
      },
      "3": {
        "loc": {
          "start": {
            "line": 32,
            "column": 16
          },
          "end": {
            "line": 32,
            "column": 83
          }
        },
        "type": "cond-expr",
        "locations": [
          {
            "start": {
              "line": 32,
              "column": 63
            },
            "end": {
              "line": 32,
              "column": 71
            }
          },
          {
            "start": {
              "line": 32,
              "column": 74
            },
            "end": {
              "line": 32,
              "column": 83
            }
          }
        ],
        "line": 32
      },
      "4": {
        "loc": {
          "start": {
            "line": 32,
            "column": 16
          },
          "end": {
            "line": 32,
            "column": 60
[...]
        "decl": {
          "start": {
            "line": 27,
            "column": 12
          },
          "end": {
            "line": 27,
            "column": 13
          }
        },
        "loc": {
          "start": {
            "line": 27,
            "column": 18
          },
          "end": {
            "line": 31,
            "column": 3
          }
        },
        "line": 27
      },
      "3": {
        "name": "(anonymous_3)",
        "decl": {
          "start": {
            "line": 56,
            "column": 55
          },
          "end": {
            "line": 56,
            "column": 56
          }
        },
        "loc": {
          "start": {
            "line": 56,
            "column": 66
          },
          "end": {
            "line": 58,
            "column": 1
          }
        },
        "line": 56
      },
      "4": {
        "name": "(anonymous_4)",
        "decl": {
          "start": {
            "line": 68,
            "column": 52
          },
          "end": {
            "line": 68,
            "column": 53
          }
        },
        "loc": {
          "start": {
            "line": 68,
            "column": 58
          },
          "end": {
            "line": 71,
            "column": 5
          }
        },
        "line": 68
      }
    },
    "branchMap": {
      "0": {
        "loc": {
          "start": {
            "line": 4,
            "column": 0
          },
          "end": {
            "line": 14,
            "column": 1
          }
        },
        "type": "if",
        "locations": [
          {
            "start": {
              "line": 4,
              "column": 0
            },
            "end": {
              "line": 14,
              "column": 1
            }
          },
          {
            "start": {},
            "end": {}
          }
        ],
        "line": 4
      },
      "1": {
        "loc": {
          "start": {
            "line": 5,
            "column": 2
          },
          "end": {
            "line": 7,
            "column": 3
          }
        },
        "type": "if",
        "locations": [
          {
            "start": {
              "line": 5,
              "column": 2
            },
            "end": {
              "line": 7,
              "column": 3
            }
          },
          {
            "start": {},
            "end": {}
          }
        ],
        "line": 5
      },
      "2": {
        "loc": {
          "start": {
            "line": 63,
            "column": 0
          },
          "end": {
            "line": 73,
            "column": 1
          }
        },
        "type": "if",
        "locations": [
          {
            "start": {
              "line": 63,
              "column": 0
            },
            "end": {
              "line": 73,
              "column": 1
            }
          },
          {
            "start": {},
            "end": {}
          }
        ],
        "line": 63
      },
      "3": {
        "loc": {
          "start": {
            "line": 67,
            "column": 2
          },
          "end": {
            "line": 72,
            "column": 3
          }
        },
        "type": "if",
        "locations": [
          {
            "start": {
              "line": 67,
              "column": 2
            },
            "end": {
              "line": 72,
              "column": 3
            }
          },
          {
            "start": {},
            "end": {}
          }
        ],
        "line": 67
      }
    },
    "s": {
      "0": 1,
      "1": 1,
      "2": 0,
      "3": 1,
      "4": 1,
      "5": 1,
      "6": 1,
      "7": 1,
      "8": 1,
      "9": 1,
      "10": 4,
      "11": 4,
      "12": 4,
      "13": 4,
      "14": 1,
      "15": 1,
      "16": 1,
      "17": 4,
      "18": 1,
      "19": 1,
      "20": 1,
      "21": 1,
      "22": 1,
      "23": 1,
      "24": 1,
      "25": 1,
      "26": 1,
      "27": 0,
      "28": 0,
      "29": 0
    },
    "f": {
      "0": 1,
      "1": 4,
      "2": 1,
      "3": 1,
      "4": 0
    },
    "b": {
      "0": [
        1,
        0
      ],
      "1": [
        0,
        1
      ],
      "2": [
        1,
        0
      ],
      "3": [
        0,
        1
      ]
    },
    "inputSourceMap": {
      "version": 3,
      "mappings": ";;;;;;;;;;;;;;;AAAA,SAASA,UAAUC,SAASC,kBAAkB;AAC9C,OAAOC,wBAAwB;AAC/B,SAASC,WAAWC,SAASC,kBAAkB;AAE/C,SAASC,iBAAiB;AAAQ;AAElC,SAASC,YAAY;AAAA,EAAEC;AAAyB,GAAG;AAAAC;AACjD,QAAM,GAAGC,SAAS,IAAIV,QAAQK,YAAYD,OAAO;AACjD,QAAMO,WAAWV,WAAWE,WAAWC,OAAO;AAE9CE,YAAU,MAAM;AACdM,YAAQC,IAAIL,MAAM;AAClBE,cAAUF,MAAM;AAChBG,aAAS,CACPH,OAAOM,OACPN,OAAOO,OACPP,OAAOQ,OACPR,OAAOS,OACPT,OAAOU,OACPV,OAAOW,OACPX,OAAOY,KAAK,CACb;AAAA,EACH,GAAG,CAACZ,MAAM,CAAC;AAEX,SACEa,wBAACtB,UAAQ;AAAA,IACPuB,OAAOlB;AAAAA,IACPmB,eAAe,CACb,CAAClB,YAAYG,MAAM,GACnB,CACEL,WACA,CACEK,OAAOM,OACPN,OAAOO,OACPP,OAAOQ,OACPR,OAAOS,OACPT,OAAOU,OACPV,OAAOW,OACPX,OAAOY,KAAK,CACb,CACF;AAAA,IACDI,UAEFH;AAAA,MAAKI,OAAO;AAAA,QAAEC,SAAS;AAAA,QAAQC,eAAe;AAAA,MAAS;AAAA,MAAEH,UAIvDH,wBAACnB,oBAAkB;AAAA;AAAA0B;AAAA;AAAA;AAAA,IAAG;AAAA;AAAAA;AAAA;AAAA;AAAA,EAClB;AAAA;AAAAA;AAAA;AAAA;AAGZ;AAACnB,GA7CQF,aAAW;AAAA,UACIP,SACLC,UAAU;AAAA;AAAA4B,KAFpBtB;AA+CT,eAAeA;AAAY;AAAAuB",
      "names": [
        "Provider",
        "useAtom",
        "useSetAtom",
        "VideoPlayerWrapper",
        "itemsAtom",
        "myScope",
        "valuesAtom",
        "useEffect",
        "Custoplayer",
        "values",
        "_s",
        "setValues",
        "setItems",
        "console",
        "log",
        "item1",
        "item2",
        "item3",
        "item4",
        "item5",
        "item6",
        "item7",
        "_jsxDEV",
        "scope",
        "initialValues",
        "children",
        "style",
        "display",
        "flexDirection",
        "_jsxFileName",
        "_c",
        "$RefreshReg$"
      ],
      "sources": [
        "/Users/maa48/coding/Custoplayer/packages/custoplayer/src/lib/Custoplayer.tsx"
      ],
      "file": "/Users/maa48/coding/Custoplayer/packages/custoplayer/src/lib/Custoplayer.tsx"
    },
    "_coverageSchema": "1a1c01bbd47fc00a2c39e90264f33305004495a9",
    "hash": "8965f8abd1e2b6635fd4632bdc38b22bd48d2fcf"
  },
  "/Users/maa48/coding/Custoplayer/packages/custoplayer/src/App.tsx": {
    "path": "/Users/maa48/coding/Custoplayer/packages/custoplayer/src/App.tsx",
    "statementMap": {
      "0": {
        "start": {
          "line": 4,
          "column": 0
        },
        "end": {
          "line": 14,
          "column": 1
        }
      },
      "1": {
        "start": {
          "line": 5,
          "column": 2
        },
        "end": {
          "line": 7,
          "column": 3
        }
      },
      "2": {
        "start": {
          "line": 6,
          "column": 4
        },
        "end": {
          "line": 6,
          "column": 165
        }
      },
      "3": {
        "start": {
          "line": 8,
          "column": 2
        },
        "end": {
          "line": 8,
          "column": 39
        }
      },
      "4": {
        "start": {
          "line": 9,
          "column": 2
        },
        "end": {
          "line": 9,
          "column": 39
        }
      },
      "5": {
        "start": {
          "line": 10,
          "column": 2
        },
        "end": {
          "line": 12,
          "column": 4
        }
      },
      "6": {
        "start": {
          "line": 11,
          "column": 4
        },
        "end": {
          "line": 11,
          "column": 108
        }
      },
      "7": {
        "start": {
          "line": 13,
          "column": 2
        },
        "end": {
          "line": 13,
          "column": 75
        }
      },
      "8": {
        "start": {
          "line": 15,
          "column": 19
        },
        "end": {
          "line": 15,
          "column": 85
        }
      },
      "9": {
        "start": {
          "line": 15,
          "column": 92
        },
        "end": {
          "line": 15,
          "column": 106
        }
      },
      "10": {
        "start": {
          "line": 21,
          "column": 2
        },
        "end": {
          "line": 21,
          "column": 7
        }
      },
      "11": {
        "start": {
          "line": 22,
          "column": 2
        },
        "end": {
          "line": 26,
          "column": 9
        }
      },
      "12": {
        "start": {
          "line": 23,
          "column": 4
        },
        "end": {
          "line": 25,
          "column": 12
        }
      },
      "13": {
        "start": {
          "line": 24,
          "column": 6
        },
        "end": {
          "line": 24,
          "column": 42
        }
      },
      "14": {
        "start": {
          "line": 27,
          "column": 2
        },
        "end": {
          "line": 48,
          "column": 11
        }
      },
      "15": {
        "start": {
          "line": 50,
          "column": 0
        },
        "end": {
          "line": 50,
          "column": 40
        }
      },
      "16": {
        "start": {
          "line": 51,
          "column": 0
        },
        "end": {
          "line": 51,
          "column": 9
        }
      },
      "17": {
        "start": {
          "line": 52,
          "column": 16
        },
        "end": {
          "line": 56,
          "column": 1
        }
      },
      "18": {
        "start": {
          "line": 57,
          "column": 0
        },
        "end": {
          "line": 57,
          "column": 14
        }
      },
      "19": {
        "start": {
          "line": 60,
          "column": 0
        },
        "end": {
          "line": 60,
          "column": 24
        }
      },
      "20": {
        "start": {
          "line": 61,
          "column": 0
        },
        "end": {
          "line": 61,
          "column": 29
        }
      },
      "21": {
        "start": {
          "line": 62,
          "column": 0
        },
        "end": {
          "line": 72,
          "column": 1
        }
      },
      "22": {
        "start": {
          "line": 63,
          "column": 2
        },
        "end": {
          "line": 63,
          "column": 39
        }
      },
      "23": {
        "start": {
          "line": 64,
          "column": 2
        },
        "end": {
          "line": 64,
          "column": 39
        }
      },
      "24": {
        "start": {
          "line": 65,
          "column": 2
        },
        "end": {
          "line": 65,
          "column": 27
        }
      },
      "25": {
        "start": {
          "line": 66,
          "column": 2
        },
        "end": {
          "line": 71,
          "column": 3
        }
      },
      "26": {
        "start": {
          "line": 67,
          "column": 4
        },
        "end": {
          "line": 70,
          "column": 11
        }
      },
      "27": {
        "start": {
          "line": 68,
          "column": 6
        },
        "end": {
          "line": 68,
          "column": 45
        }
      },
      "28": {
        "start": {
          "line": 69,
          "column": 6
        },
        "end": {
          "line": 69,
          "column": 43
        }
      }
    },
    "fnMap": {
      "0": {
        "name": "(anonymous_0)",
        "decl": {
          "start": {
            "line": 10,
            "column": 24
          },
          "end": {
            "line": 10,
            "column": 25
          }
        },
        "loc": {
          "start": {
            "line": 10,
            "column": 38
          },
          "end": {
            "line": 12,
            "column": 3
          }
        },
        "line": 10
      },
      "1": {
        "name": "App",
        "decl": {
          "start": {
            "line": 20,
            "column": 9
          },
          "end": {
            "line": 20,
            "column": 12
          }
        },
        "loc": {
          "start": {
            "line": 20,
            "column": 15
          },
          "end": {
            "line": 49,
            "column": 1
          }
        },
        "line": 20
      },
      "2": {
        "name": "(anonymous_2)",
        "decl": {
          "start": {
            "line": 22,
            "column": 12
          },
          "end": {
            "line": 22,
            "column": 13
          }
        },
        "loc": {
          "start": {
            "line": 22,
            "column": 18
          },
          "end": {
            "line": 26,
            "column": 3
          }
        },
        "line": 22
      },
      "3": {
        "name": "(anonymous_3)",
        "decl": {
          "start": {
            "line": 23,
            "column": 23
          },
          "end": {
            "line": 23,
            "column": 24
          }
        },
        "loc": {
          "start": {
            "line": 23,
            "column": 29
          },
          "end": {
            "line": 25,
            "column": 5
          }
        },
        "line": 23
      },
      "4": {
        "name": "(anonymous_4)",
        "decl": {
          "start": {
            "line": 67,
            "column": 52
          },
          "end": {
            "line": 67,
            "column": 53
          }
        },
        "loc": {
          "start": {
            "line": 67,
            "column": 58
          },
          "end": {
            "line": 70,
            "column": 5
          }
        },
        "line": 67
      }
    },
    "branchMap": {
      "0": {
        "loc": {
          "start": {
            "line": 4,
            "column": 0
          },
          "end": {
            "line": 14,
            "column": 1
          }
        },
        "type": "if",
        "locations": [
          {
            "start": {
              "line": 4,
              "column": 0
            },
            "end": {
              "line": 14,
              "column": 1
            }
          },
          {
            "start": {},
            "end": {}
          }
        ],
        "line": 4
      },
      "1": {
        "loc": {
          "start": {
            "line": 5,
            "column": 2
          },
          "end": {
            "line": 7,
            "column": 3
          }
        },
        "type": "if",
        "locations": [
          {
            "start": {
              "line": 5,
              "column": 2
            },
            "end": {
              "line": 7,
              "column": 3
            }
          },
          {
            "start": {},
            "end": {}
          }
        ],
        "line": 5
      },
      "2": {
        "loc": {
          "start": {
            "line": 62,
            "column": 0
          },
          "end": {
            "line": 72,
            "column": 1
          }
        },
        "type": "if",
        "locations": [
          {
            "start": {
              "line": 62,
              "column": 0
            },
            "end": {
              "line": 72,
              "column": 1
            }
          },
          {
            "start": {},
            "end": {}
          }
        ],
        "line": 62
      },
      "3": {
        "loc": {
          "start": {
            "line": 66,
            "column": 2
          },
          "end": {
            "line": 71,
            "column": 3
          }
        },
        "type": "if",
        "locations": [
          {
            "start": {
              "line": 66,
              "column": 2
            },
            "end": {
              "line": 71,
              "column": 3
            }
          },
          {
            "start": {},
            "end": {}
          }
        ],
        "line": 66
      }
    },
    "s": {
      "0": 1,
      "1": 1,
      "2": 0,
      "3": 1,
      "4": 1,
      "5": 1,
      "6": 2,
      "7": 1,
      "8": 1,
      "9": 1,
      "10": 2,
      "11": 2,
      "12": 1,
      "13": 1,
      "14": 2,
      "15": 1,
      "16": 1,
      "17": 1,
      "18": 1,
      "19": 1,
      "20": 1,
      "21": 1,
      "22": 1,
      "23": 1,
      "24": 1,
      "25": 1,
      "26": 0,
      "27": 0,
      "28": 0
    },
    "f": {
      "0": 2,
      "1": 2,
      "2": 1,
      "3": 1,
      "4": 0
    },
    "b": {
      "0": [
        1,
        0
      ],
      "1": [
        0,
        1
      ],
      "2": [
        1,
        0
      ],
      "3": [
        0,
        1
      ]
    },
    "inputSourceMap": {
      "version": 3,
      "mappings": ";;;;;;;;;;;;;;;AAAA,SAASA,iBAAiB;AAC1B,OAAOC,YAAY;AACnB,OAAOC,iBAAiB;AAAoB;AAE5C,SAASC,MAAM;AAAAC;AACbJ,YAAU,MAAM;AACdK,WAAOC,YAAY,MAAM;AACvBC,cAAQC,IAAIC,SAASC,aAAa;AAAA,IACpC,GAAG,GAAI;AAAA,EACT,GAAG,EAAE;AAEL,SACEC,wBAACC,SAAO;AAAA,cACND,wBAACT,aAAW;AAAA,MACVW,QAAQ;AAAA,QACNC,KAAK;AAAA,QACLC,OAAO;AAAA,UACLC,IAAI;AAAA,QACN;AAAA,QACAC,OAAO;AAAA,UACLD,IAAI;AAAA,UACJE,OAAO;AAAA,QACT;AAAA,MACF;AAAA,IAAE;AAAA;AAAAC;AAAA;AAAA;AAAA,EACF;AAAA;AAAAA;AAAA;AAAA;AAGR;AAACf,GAvBQD,KAAG;AAAAiB,KAAHjB;AAyBT,MAAMS,UAAUX,OAAOoB;AAAAA;AAAAA;AAAAA;AAAAA;AAIrBC,MAJIV;AAMN,eAAeT;AAAI;AAAAoB;AAAAA",
      "names": [
        "useEffect",
        "styled",
        "Custoplayer",
        "App",
        "_s",
        "window",
        "setInterval",
        "console",
        "log",
        "document",
        "activeElement",
        "_jsxDEV",
        "Wrapper",
        "values",
        "src",
        "item1",
        "id",
        "item2",
        "barId",
        "_jsxFileName",
        "_c",
        "div",
        "_c2",
        "$RefreshReg$"
      ],
      "sources": [
        "/Users/maa48/coding/Custoplayer/packages/custoplayer/src/App.tsx"
      ],
      "file": "/Users/maa48/coding/Custoplayer/packages/custoplayer/src/App.tsx"
    },
    "_coverageSchema": "1a1c01bbd47fc00a2c39e90264f33305004495a9",
    "hash": "ef97e384564c665d2a941e8309bc38ca9f954985"
  },
  "/Users/maa48/coding/Custoplayer/packages/custoplayer/src/main.tsx": {
    "path": "/Users/maa48/coding/Custoplayer/packages/custoplayer/src/main.tsx",
    "statementMap": {
      "0": {
        "start": {
          "line": 1,
          "column": 19
        },
        "end": {
          "line": 1,
          "column": 86
        }
      },
      "1": {
        "start": {
          "line": 7,
          "column": 0
        },
        "end": {
          "line": 17,
          "column": 43
        }
      }
    },
    "fnMap": {},
    "branchMap": {},
    "s": {
      "0": 1,
      "1": 1
    },
    "f": {},
    "b": {},
    "inputSourceMap": {
      "version": 3,
      "mappings": ";AAAA,OAAOA,WAAW;AAClB,OAAOC,cAAc;AACrB,OAAO;AACP,OAAOC,SAAS;AAAQ;AAExBD,SAASE,OACPC,wBAACJ,MAAMK,YAAU;AAAA,YACfD,wBAACF,KAAG;AAAA;AAAAI;AAAA;AAAA;AAAG;AAAA;AAAAA;AAAA;AAAA,UAETC,SAASC,eAAe,MAAM,CAAC",
      "names": [
        "React",
        "ReactDOM",
        "App",
        "render",
        "_jsxDEV",
        "StrictMode",
        "_jsxFileName",
        "document",
        "getElementById"
      ],
      "sources": [
        "/Users/maa48/coding/Custoplayer/packages/custoplayer/src/main.tsx"
      ],
      "file": "/Users/maa48/coding/Custoplayer/packages/custoplayer/src/main.tsx"
    },
    "_coverageSchema": "1a1c01bbd47fc00a2c39e90264f33305004495a9",
    "hash": "0cc9b670290bd121e6f25a587b3866aa86aae520"
  },
  "/Users/maa48/coding/Custoplayer/packages/custoplayer/src/types.ts": {
    "path": "/Users/maa48/coding/Custoplayer/packages/custoplayer/src/types.ts",
    "statementMap": {},
    "fnMap": {},
    "branchMap": {},
    "s": {},
    "f": {},
    "b": {}
  },
  "/Users/maa48/coding/Custoplayer/packages/custoplayer/src/lib/index.ts": {
    "path": "/Users/maa48/coding/Custoplayer/packages/custoplayer/src/lib/index.ts",
    "statementMap": {},
    "fnMap": {},
    "branchMap": {},
    "s": {},
    "f": {},
    "b": {}
  }
}
