{"total": {"lines":{"total":139,"covered":76,"skipped":0,"pct":54.67},"statements":{"total":141,"covered":76,"skipped":0,"pct":53.9},"functions":{"total":47,"covered":15,"skipped":0,"pct":31.91},"branches":{"total":78,"covered":39,"skipped":0,"pct":50},"branchesTrue":{"total":0,"covered":0,"skipped":0,"pct":"Unknown"}}
,"/Users/maa48/coding/Custoplayer/packages/custoplayer/src/lib/components/ControlsBar.tsx": {"lines":{"total":12,"covered":10,"skipped":0,"pct":83.33},"functions":{"total":5,"covered":3,"skipped":0,"pct":60},"statements":{"total":12,"covered":10,"skipped":0,"pct":83.33},"branches":{"total":10,"covered":5,"skipped":0,"pct":50}}
,"/Users/maa48/coding/Custoplayer/packages/custoplayer/src/lib/components/HTMLVideoPlayer.tsx": {"lines":{"total":42,"covered":18,"skipped":0,"pct":42.85},"functions":{"total":16,"covered":2,"skipped":0,"pct":12.5},"statements":{"total":44,"covered":18,"skipped":0,"pct":40.9},"branches":{"total":12,"covered":3,"skipped":0,"pct":25}}
,"/Users/maa48/coding/Custoplayer/packages/custoplayer/src/lib/components/PlayButtons.tsx": {"lines":{"total":7,"covered":4,"skipped":0,"pct":57.14},"functions":{"total":4,"covered":1,"skipped":0,"pct":25},"statements":{"total":7,"covered":4,"skipped":0,"pct":57.14},"branches":{"total":16,"covered":10,"skipped":0,"pct":62.5}}
,"/Users/maa48/coding/Custoplayer/packages/custoplayer/src/lib/components/ProgressBars.tsx": {"lines":{"total":37,"covered":20,"skipped":0,"pct":54.05},"functions":{"total":9,"covered":5,"skipped":0,"pct":55.55},"statements":{"total":37,"covered":20,"skipped":0,"pct":54.05},"branches":{"total":22,"covered":11,"skipped":0,"pct":50}}
,"/Users/maa48/coding/Custoplayer/packages/custoplayer/src/lib/components/VideoPlayerWrapper.tsx": {"lines":{"total":17,"covered":12,"skipped":0,"pct":70.58},"functions":{"total":7,"covered":2,"skipped":0,"pct":28.57},"statements":{"total":17,"covered":12,"skipped":0,"pct":70.58},"branches":{"total":6,"covered":4,"skipped":0,"pct":66.66}}
,"/Users/maa48/coding/Custoplayer/packages/custoplayer/src/lib/components/VolumeButtons.tsx": {"lines":{"total":24,"covered":12,"skipped":0,"pct":50},"functions":{"total":6,"covered":2,"skipped":0,"pct":33.33},"statements":{"total":24,"covered":12,"skipped":0,"pct":50},"branches":{"total":12,"covered":6,"skipped":0,"pct":50}}
}
