TN:
SF:src/lib/components/ControlsBar.tsx
FN:14,ControlsBar
FN:36,(anonymous_1)
FN:69,(anonymous_2)
FN:81,(anonymous_3)
FN:82,(anonymous_4)
FNF:5
FNH:3
FNDA:2,ControlsBar
FNDA:0,(anonymous_1)
FNDA:0,(anonymous_2)
FNDA:3,(anonymous_3)
FNDA:3,(anonymous_4)
DA:15,2
DA:19,2
DA:20,2
DA:21,2
DA:23,2
DA:37,0
DA:61,4
DA:68,4
DA:69,0
DA:78,4
DA:81,3
DA:82,3
LF:12
LH:10
BRDA:26,0,0,2
BRDA:26,0,1,2
BRDA:26,0,2,2
BRDA:26,0,3,0
BRDA:39,1,0,0
BRDA:39,1,1,0
BRDA:81,2,0,3
BRDA:81,2,1,0
BRDA:82,3,0,0
BRDA:82,3,1,3
BRF:10
BRH:5
end_of_record
TN:
SF:src/lib/components/HTMLVideoPlayer.tsx
FN:21,HTMLVideoPlayer
FN:40,(anonymous_1)
FN:52,(anonymous_2)
FN:54,(anonymous_3)
FN:55,(anonymous_4)
FN:59,(anonymous_5)
FN:72,(anonymous_6)
FN:76,(anonymous_7)
FN:77,(anonymous_8)
FN:84,handleTimeUpdate
FN:89,handleOnSeeking
FN:106,handleOnSeeked
FN:122,(anonymous_12)
FN:129,(anonymous_13)
FN:132,(anonymous_14)
FN:150,(anonymous_15)
FNF:16
FNH:2
FNDA:2,HTMLVideoPlayer
FNDA:0,(anonymous_1)
FNDA:0,(anonymous_2)
FNDA:0,(anonymous_3)
FNDA:0,(anonymous_4)
FNDA:0,(anonymous_5)
FNDA:0,(anonymous_6)
FNDA:0,(anonymous_7)
FNDA:0,(anonymous_8)
FNDA:0,handleTimeUpdate
FNDA:0,handleOnSeeking
FNDA:0,handleOnSeeked
FNDA:0,(anonymous_12)
FNDA:0,(anonymous_13)
FNDA:0,(anonymous_14)
FNDA:1,(anonymous_15)
DA:22,2
DA:23,2
DA:24,2
DA:25,2
DA:26,2
DA:30,2
DA:31,2
DA:32,2
DA:33,2
DA:37,2
DA:38,2
DA:40,2
DA:41,0
DA:42,0
DA:43,0
DA:44,0
DA:52,2
DA:53,0
DA:54,0
DA:55,0
DA:59,2
DA:60,0
DA:61,0
DA:62,0
DA:63,0
DA:71,2
DA:73,0
DA:74,0
DA:75,0
DA:76,0
DA:77,0
DA:85,0
DA:86,0
DA:103,0
DA:116,0
DA:119,2
DA:122,0
DA:130,0
DA:133,0
DA:134,0
DA:146,1
DA:150,1
LF:42
LH:18
BRDA:42,0,0,0
BRDA:42,0,1,0
BRDA:61,1,0,0
BRDA:61,1,1,0
BRDA:73,2,0,0
BRDA:73,2,1,0
BRDA:74,3,0,0
BRDA:74,3,1,0
BRDA:141,4,0,2
BRDA:141,4,1,2
BRDA:150,5,0,0
BRDA:150,5,1,1
BRF:12
BRH:3
end_of_record
TN:
SF:src/lib/components/PlayButtons.tsx
FN:18,PlayButtons
FN:32,(anonymous_1)
FN:33,(anonymous_2)
FN:34,(anonymous_3)
FNF:4
FNH:1
FNDA:8,PlayButtons
FNDA:0,(anonymous_1)
FNDA:0,(anonymous_2)
FNDA:0,(anonymous_3)
DA:19,8
DA:20,8
DA:30,8
DA:32,0
DA:33,0
DA:34,0
DA:130,5
LF:7
LH:4
BRDA:40,0,0,8
BRDA:40,0,1,4
BRDA:42,1,0,4
BRDA:42,1,1,0
BRDA:42,2,0,4
BRDA:42,2,1,0
BRDA:50,3,0,0
BRDA:50,3,1,4
BRDA:83,4,0,8
BRDA:83,4,1,4
BRDA:85,5,0,4
BRDA:85,5,1,0
BRDA:85,6,0,4
BRDA:85,6,1,0
BRDA:93,7,0,0
BRDA:93,7,1,4
BRF:16
BRH:10
end_of_record
TN:
SF:src/lib/components/ProgressBars.tsx
FN:22,ProgressBars
FN:37,handleProgressMouseMove
FN:67,handleProgressMouseUp
FN:76,(anonymous_3)
FN:89,(anonymous_4)
FN:90,(anonymous_5)
FN:91,(anonymous_6)
FN:123,(anonymous_7)
FN:137,(anonymous_8)
FNF:9
FNH:5
FNDA:6,ProgressBars
FNDA:0,handleProgressMouseMove
FNDA:3,handleProgressMouseUp
FNDA:3,(anonymous_3)
FNDA:0,(anonymous_4)
FNDA:0,(anonymous_5)
FNDA:0,(anonymous_6)
FNDA:3,(anonymous_7)
FNDA:3,(anonymous_8)
DA:23,6
DA:24,6
DA:25,6
DA:26,6
DA:27,6
DA:28,6
DA:29,6
DA:31,6
DA:32,6
DA:41,0
DA:42,0
DA:44,0
DA:45,0
DA:49,0
DA:51,0
DA:54,0
DA:59,0
DA:60,0
DA:61,0
DA:63,0
DA:68,3
DA:72,3
DA:73,0
DA:76,6
DA:77,3
DA:78,0
DA:79,0
DA:81,3
DA:85,6
DA:89,0
DA:90,0
DA:92,0
DA:118,5
DA:123,3
DA:126,5
DA:135,5
DA:137,3
LF:37
LH:20
BRDA:41,0,0,0
BRDA:41,0,1,0
BRDA:41,1,0,0
BRDA:41,1,1,0
BRDA:60,2,0,0
BRDA:60,2,1,0
BRDA:68,3,0,3
BRDA:68,3,1,0
BRDA:69,4,0,3
BRDA:69,4,1,0
BRDA:77,5,0,0
BRDA:77,5,1,3
BRDA:100,6,0,6
BRDA:100,6,1,6
BRDA:105,7,0,0
BRDA:105,7,1,6
BRDA:105,8,0,6
BRDA:105,8,1,6
BRDA:110,9,0,6
BRDA:110,9,1,4
BRDA:123,10,0,0
BRDA:123,10,1,3
BRF:22
BRH:11
end_of_record
TN:
SF:src/lib/components/VideoPlayerWrapper.tsx
FN:18,VideoPlayerWrapper
FN:24,(anonymous_1)
FN:33,(anonymous_2)
FN:34,(anonymous_3)
FN:36,(anonymous_4)
FN:42,(anonymous_5)
FN:45,(anonymous_6)
FNF:7
FNH:2
FNDA:2,VideoPlayerWrapper
FNDA:1,(anonymous_1)
FNDA:0,(anonymous_2)
FNDA:0,(anonymous_3)
FNDA:0,(anonymous_4)
FNDA:0,(anonymous_5)
FNDA:0,(anonymous_6)
DA:19,2
DA:20,2
DA:21,2
DA:22,2
DA:23,2
DA:24,2
DA:25,1
DA:26,1
DA:29,2
DA:33,0
DA:34,0
DA:37,0
DA:43,0
DA:46,0
DA:57,1
DA:64,1
DA:82,1
LF:17
LH:12
BRDA:25,0,0,1
BRDA:25,0,1,0
BRDA:25,1,0,1
BRDA:25,1,1,1
BRDA:51,2,0,2
BRDA:51,2,1,0
BRF:6
BRH:4
end_of_record
TN:
SF:src/lib/components/VolumeButtons.tsx
FN:19,VolumeButtons
FN:25,handleProgressMouse
FN:70,(anonymous_2)
FN:71,(anonymous_3)
FN:72,(anonymous_4)
FN:102,(anonymous_5)
FNF:6
FNH:2
FNDA:4,VolumeButtons
FNDA:0,handleProgressMouse
FNDA:0,(anonymous_2)
FNDA:0,(anonymous_3)
FNDA:0,(anonymous_4)
FNDA:2,(anonymous_5)
DA:20,4
DA:21,4
DA:22,4
DA:23,4
DA:26,0
DA:27,0
DA:29,0
DA:30,0
DA:33,0
DA:36,0
DA:39,0
DA:40,0
DA:44,0
DA:47,4
DA:48,4
DA:53,4
DA:70,0
DA:71,0
DA:73,0
DA:94,5
DA:102,2
DA:107,5
DA:113,5
DA:123,5
LF:24
LH:12
BRDA:26,0,0,0
BRDA:26,0,1,0
BRDA:26,1,0,0
BRDA:26,1,1,0
BRDA:55,2,0,4
BRDA:55,2,1,4
BRDA:84,3,0,0
BRDA:84,3,1,4
BRDA:84,4,0,4
BRDA:84,4,1,4
BRDA:102,5,0,0
BRDA:102,5,1,2
BRF:12
BRH:6
end_of_record
